#-----------------------------------------------------------
# Vivado v2018.1 (64-bit)
# SW Build 2188600 on Wed Apr  4 18:39:19 MDT 2018
# IP Build 2185939 on Wed Apr  4 20:55:05 MDT 2018
# Start of session at: Tue Apr 24 12:12:56 2018
# Process ID: 9517
# Current directory: /home/chiwei/work/checkout/kcu116/kcu116_ibert/work/ibert_bank_all/ibert_bank_all_ex
# Command line: vivado ibert_bank_all_ex.xpr
# Log file: /home/chiwei/work/checkout/kcu116/kcu116_ibert/work/ibert_bank_all/ibert_bank_all_ex/vivado.log
# Journal file: /home/chiwei/work/checkout/kcu116/kcu116_ibert/work/ibert_bank_all/ibert_bank_all_ex/vivado.jou
#-----------------------------------------------------------
start_gui
open_project ibert_bank_all_ex.xpr
Scanning sources...
Finished scanning sources
INFO: [IP_Flow 19-234] Refreshing IP repositories
INFO: [IP_Flow 19-1704] No user IP repositories specified
INFO: [IP_Flow 19-2313] Loaded Vivado IP repository '/opt/Xilinx/Vivado/2018.1/data/ip'.
open_project: Time (s): cpu = 00:00:19 ; elapsed = 00:00:25 . Memory (MB): peak = 6408.176 ; gain = 297.609 ; free physical = 8210 ; free virtual = 37849
update_compile_order -fileset sources_1
launch_runs impl_1 -to_step write_bitstream -jobs 4
INFO: [Vivado 12-4149] The synthesis checkpoint for IP '/home/chiwei/work/checkout/kcu116/kcu116_ibert/work/ibert_bank_all/ibert_bank_all_ex/ibert_bank_all_ex.srcs/sources_1/ip/ibert_bank_all/ibert_bank_all.xci' is already up-to-date
[Tue Apr 24 12:16:17 2018] Launched impl_1...
Run output will be captured here: /home/chiwei/work/checkout/kcu116/kcu116_ibert/work/ibert_bank_all/ibert_bank_all_ex/ibert_bank_all_ex.runs/impl_1/runme.log
open_run impl_1
INFO: [Netlist 29-17] Analyzing 4324 Unisim elements for replacement
INFO: [Netlist 29-28] Unisim Transformation completed in 0 CPU seconds
INFO: [Project 1-479] Netlist was created with Vivado 2018.1
INFO: [Device 21-403] Loading part xcku5p-ffvb676-2-e
INFO: [Project 1-570] Preparing netlist for logic optimization
INFO: [Timing 38-478] Restoring timing data from binary archive.
INFO: [Timing 38-479] Binary timing data restore complete.
INFO: [Project 1-856] Restoring constraints from binary archive.
INFO: [Project 1-853] Binary constraint restore complete.
Reading XDEF placement.
Reading placer database...
Reading XDEF routing.
Read XDEF File: Time (s): cpu = 00:00:04 ; elapsed = 00:00:04 . Memory (MB): peak = 8207.465 ; gain = 158.363 ; free physical = 6316 ; free virtual = 36022
Restored from archive | CPU: 4.550000 secs | Memory: 115.680183 MB |
Finished XDEF File Restore: Time (s): cpu = 00:00:05 ; elapsed = 00:00:04 . Memory (MB): peak = 8207.465 ; gain = 158.363 ; free physical = 6316 ; free virtual = 36022
INFO: [Project 1-111] Unisim Transformation Summary:
  A total of 641 instances were transformed.
  DSP48E => DSP48E2 (DSP_ALU, DSP_A_B_DATA, DSP_C_DATA, DSP_MULTIPLIER, DSP_M_DATA, DSP_OUTPUT, DSP_PREADD_DATA, DSP_PREADD): 32 instances
  IBUFGDS => IBUFDS (DIFFINBUF, IBUFCTRL): 1 instances
  LUT6_2 => LUT6_2 (LUT5, LUT6): 316 instances
  RAM32M16 => RAM32M16 (RAMD32, RAMD32, RAMD32, RAMD32, RAMD32, RAMD32, RAMD32, RAMD32, RAMD32, RAMD32, RAMD32, RAMD32, RAMD32, RAMD32, RAMS32, RAMS32): 36 instances
  RAM32X1D => RAM32X1D (RAMD32, RAMD32): 256 instances

open_run: Time (s): cpu = 00:00:55 ; elapsed = 00:01:01 . Memory (MB): peak = 8543.254 ; gain = 2087.051 ; free physical = 6003 ; free virtual = 35708
open_report: Time (s): cpu = 00:00:19 ; elapsed = 00:00:06 . Memory (MB): peak = 8745.484 ; gain = 141.195 ; free physical = 5628 ; free virtual = 35349
open_hw
connect_hw_server
INFO: [Labtools 27-2285] Connecting to hw_server url TCP:localhost:3121
INFO: [Labtools 27-2222] Launching hw_server...
INFO: [Labtools 27-2221] Launch Output:

****** Xilinx hw_server v2018.1
  **** Build date : Apr  4 2018-18:56:09
    ** Copyright 1986-2018 Xilinx, Inc. All Rights Reserved.


open_hw_target
INFO: [Labtoolstcl 44-466] Opening hw_target localhost:3121/xilinx_tcf/Digilent/210308A47500
set_property PROGRAM.FILE {/home/chiwei/work/checkout/kcu116/kcu116_ibert/work/ibert_bank_all/ibert_bank_all_ex/ibert_bank_all_ex.runs/impl_1/example_ibert_bank_all.bit} [get_hw_devices xcku5p_0]
set_property PROBES.FILE {/home/chiwei/work/checkout/kcu116/kcu116_ibert/work/ibert_bank_all/ibert_bank_all_ex/ibert_bank_all_ex.runs/impl_1/example_ibert_bank_all.ltx} [get_hw_devices xcku5p_0]
set_property FULL_PROBES.FILE {/home/chiwei/work/checkout/kcu116/kcu116_ibert/work/ibert_bank_all/ibert_bank_all_ex/ibert_bank_all_ex.runs/impl_1/example_ibert_bank_all.ltx} [get_hw_devices xcku5p_0]
current_hw_device [get_hw_devices xcku5p_0]
refresh_hw_device [lindex [get_hw_devices xcku5p_0] 0]
INFO: [Labtools 27-2302] Device xcku5p (JTAG device index = 0) is programmed with a design that has 1 ILA core(s).
INFO: [Labtools 27-2302] Device xcku5p (JTAG device index = 0) is programmed with a design that has 1 MIG core(s).
INFO: [Labtools 27-2302] Device xcku5p (JTAG device index = 0) is programmed with a design that has 1 VIO core(s).
WARNING: [Labtools 27-1974] Mismatch between the design programmed into the device xcku5p_0 and the probes file(s) /home/chiwei/work/checkout/kcu116/kcu116_ibert/work/ibert_bank_all/ibert_bank_all_ex/ibert_bank_all_ex.runs/impl_1/example_ibert_bank_all.ltx.
The device design has 1 ILA core(s) and 1 VIO core(s). 0 ILA core(s) and 0 VIO core(s) are matched in the probes file(s).
Resolution: 
1. Reprogram device with the correct programming file and associated probes file(s) OR
2. Goto device properties and associate the correct probes file(s) with the programming file already programmed in the device.
set_property PROBES.FILE {/home/chiwei/work/checkout/kcu116/kcu116_ibert/work/ibert_bank_all/ibert_bank_all_ex/ibert_bank_all_ex.runs/impl_1/example_ibert_bank_all.ltx} [get_hw_devices xcku5p_0]
set_property FULL_PROBES.FILE {/home/chiwei/work/checkout/kcu116/kcu116_ibert/work/ibert_bank_all/ibert_bank_all_ex/ibert_bank_all_ex.runs/impl_1/example_ibert_bank_all.ltx} [get_hw_devices xcku5p_0]
set_property PROGRAM.FILE {/home/chiwei/work/checkout/kcu116/kcu116_ibert/work/ibert_bank_all/ibert_bank_all_ex/ibert_bank_all_ex.runs/impl_1/example_ibert_bank_all.bit} [get_hw_devices xcku5p_0]
program_hw_devices [get_hw_devices xcku5p_0]
INFO: [Labtools 27-3164] End of startup status: HIGH
program_hw_devices: Time (s): cpu = 00:00:10 ; elapsed = 00:00:10 . Memory (MB): peak = 10060.781 ; gain = 0.000 ; free physical = 4216 ; free virtual = 33948
refresh_hw_device [lindex [get_hw_devices xcku5p_0] 0]
INFO: [Labtools 27-1434] Device xcku5p (JTAG device index = 0) is programmed with a design that has no supported debug core(s) in it.
WARNING: [Labtools 27-3361] The debug hub core was not detected.
Resolution: 
1. Make sure the clock connected to the debug hub (dbg_hub) core is a free running clock and is active.
2. Make sure the BSCAN_SWITCH_USER_MASK device property in Vivado Hardware Manager reflects the user scan chain setting in the design and refresh the device.  To determine the user scan chain setting in the design, open the implemented design and use 'get_property C_USER_SCAN_CHAIN [get_debug_cores dbg_hub]'.
For more details on setting the scan chain property, consult the Vivado Debug and Programming User Guide (UG908).
set_property PROBES.FILE {/home/chiwei/work/checkout/kcu116/kcu116_ibert/work/ibert_bank_all/ibert_bank_all_ex/ibert_bank_all_ex.runs/impl_1/example_ibert_bank_all.ltx} [get_hw_devices xcku5p_0]
set_property FULL_PROBES.FILE {/home/chiwei/work/checkout/kcu116/kcu116_ibert/work/ibert_bank_all/ibert_bank_all_ex/ibert_bank_all_ex.runs/impl_1/example_ibert_bank_all.ltx} [get_hw_devices xcku5p_0]
set_property PROGRAM.FILE {/home/chiwei/work/checkout/kcu116/kcu116_ibert/work/ibert_bank_all/ibert_bank_all_ex/ibert_bank_all_ex.runs/impl_1/example_ibert_bank_all.bit} [get_hw_devices xcku5p_0]
program_hw_devices [get_hw_devices xcku5p_0]
INFO: [Labtools 27-3164] End of startup status: HIGH
program_hw_devices: Time (s): cpu = 00:00:09 ; elapsed = 00:00:09 . Memory (MB): peak = 10060.781 ; gain = 0.000 ; free physical = 4203 ; free virtual = 33935
refresh_hw_device [lindex [get_hw_devices xcku5p_0] 0]
INFO: [Labtools 27-1434] Device xcku5p (JTAG device index = 0) is programmed with a design that has no supported debug core(s) in it.
WARNING: [Labtools 27-3361] The debug hub core was not detected.
Resolution: 
1. Make sure the clock connected to the debug hub (dbg_hub) core is a free running clock and is active.
2. Make sure the BSCAN_SWITCH_USER_MASK device property in Vivado Hardware Manager reflects the user scan chain setting in the design and refresh the device.  To determine the user scan chain setting in the design, open the implemented design and use 'get_property C_USER_SCAN_CHAIN [get_debug_cores dbg_hub]'.
For more details on setting the scan chain property, consult the Vivado Debug and Programming User Guide (UG908).
set_property PROBES.FILE {} [get_hw_devices xcku5p_0]
set_property FULL_PROBES.FILE {} [get_hw_devices xcku5p_0]
set_property PROGRAM.FILE {/home/chiwei/work/checkout/kcu116/kcu116_ibert/ready_for_download/ibert_bank_all.bit} [get_hw_devices xcku5p_0]
program_hw_devices [get_hw_devices xcku5p_0]
INFO: [Labtools 27-3164] End of startup status: HIGH
program_hw_devices: Time (s): cpu = 00:00:09 ; elapsed = 00:00:09 . Memory (MB): peak = 10061.004 ; gain = 0.000 ; free physical = 4167 ; free virtual = 33900
refresh_hw_device [lindex [get_hw_devices xcku5p_0] 0]
INFO: [Labtools 27-2302] Device xcku5p (JTAG device index = 0) is programmed with a design that has 1 IBERT core(s).
INFO: [Labtools 27-3134] 1 properties from Link : Link 10 is(are) being modified based on the saved project settings.
INFO: [Labtools 27-3134] 1 properties from Link : Link 11 is(are) being modified based on the saved project settings.
INFO: [Labtools 27-3134] 1 properties from Link : Link 8 is(are) being modified based on the saved project settings.
INFO: [Labtools 27-3134] 1 properties from Link : Link 9 is(are) being modified based on the saved project settings.
set_property PROBES.FILE {} [get_hw_devices xcku5p_0]
set_property FULL_PROBES.FILE {} [get_hw_devices xcku5p_0]
set_property PROGRAM.FILE {/home/chiwei/work/checkout/kcu116/kcu116_ibert/ibert_bank_all/ibert_bank_all_ex/ibert_bank_all_ex.runs/impl_1/example_ibert_bank_all.bit} [get_hw_devices xcku5p_0]
program_hw_devices [get_hw_devices xcku5p_0]
INFO: [Labtools 27-3164] End of startup status: HIGH
program_hw_devices: Time (s): cpu = 00:00:12 ; elapsed = 00:00:11 . Memory (MB): peak = 10174.824 ; gain = 0.000 ; free physical = 4109 ; free virtual = 33842
refresh_hw_device [lindex [get_hw_devices xcku5p_0] 0]
INFO: [Labtools 27-2302] Device xcku5p (JTAG device index = 0) is programmed with a design that has 1 IBERT core(s).
INFO: [Labtools 27-3134] 1 properties from Link : Link 10 is(are) being modified based on the saved project settings.
INFO: [Labtools 27-3134] 1 properties from Link : Link 11 is(are) being modified based on the saved project settings.
INFO: [Labtools 27-3134] 1 properties from Link : Link 8 is(are) being modified based on the saved project settings.
INFO: [Labtools 27-3134] 1 properties from Link : Link 9 is(are) being modified based on the saved project settings.
ERROR: [Xicom 50-38] xicom: Unable to connect to debug core(s) on the target device. Check cable connectivity and that the target board is powered up then use the disconnect_hw_server and connect_hw_server to re-initialize the hardware target. Use open_hw_target to re-register the hardware device.
ERROR: [Xicom 50-38] xicom: Unable to connect to debug core(s) on the target device. Check cable connectivity and that the target board is powered up then use the disconnect_hw_server and connect_hw_server to re-initialize the hardware target. Use open_hw_target to re-register the hardware device.
set_property PROBES.FILE {/home/chiwei/work/checkout/kcu116/kcu116_ibert/ibert_bank_all/ibert_bank_all_ex/ibert_bank_all_ex.runs/impl_1/example_ibert_bank_all.ltx} [get_hw_devices xcku5p_0]
set_property FULL_PROBES.FILE {/home/chiwei/work/checkout/kcu116/kcu116_ibert/ibert_bank_all/ibert_bank_all_ex/ibert_bank_all_ex.runs/impl_1/example_ibert_bank_all.ltx} [get_hw_devices xcku5p_0]
set_property PROGRAM.FILE {/home/chiwei/work/checkout/kcu116/kcu116_ibert/ibert_bank_all/ibert_bank_all_ex/ibert_bank_all_ex.runs/impl_1/example_ibert_bank_all.bit} [get_hw_devices xcku5p_0]
program_hw_devices [get_hw_devices xcku5p_0]
INFO: [Labtools 27-3164] End of startup status: HIGH
program_hw_devices: Time (s): cpu = 00:00:11 ; elapsed = 00:00:11 . Memory (MB): peak = 10187.738 ; gain = 0.000 ; free physical = 3794 ; free virtual = 29759
refresh_hw_device [lindex [get_hw_devices xcku5p_0] 0]
INFO: [Labtools 27-2302] Device xcku5p (JTAG device index = 0) is programmed with a design that has 1 IBERT core(s).
INFO: [Labtools 27-3134] 1 properties from Link : Link 10 is(are) being modified based on the saved project settings.
INFO: [Labtools 27-3134] 1 properties from Link : Link 11 is(are) being modified based on the saved project settings.
INFO: [Labtools 27-3134] 1 properties from Link : Link 8 is(are) being modified based on the saved project settings.
INFO: [Labtools 27-3134] 1 properties from Link : Link 9 is(are) being modified based on the saved project settings.
INFO: [Labtools 27-3134] 1 properties from Link : Link 14 is(are) being modified based on the saved project settings.
INFO: [Labtools 27-3134] 1 properties from Link : Link 15 is(are) being modified based on the saved project settings.
close_hw
close_hw: Time (s): cpu = 00:00:01 ; elapsed = 00:00:11 . Memory (MB): peak = 10221.898 ; gain = 12.473 ; free physical = 3734 ; free virtual = 29699
set_property -dict [list CONFIG.C_REFCLK_SOURCE_QUAD_3 {MGTREFCLK1_226} CONFIG.C_REFCLK_SOURCE_QUAD_2 {MGTREFCLK1_226}] [get_ips ibert_bank_all]
generate_target all [get_files  /home/chiwei/work/checkout/kcu116/kcu116_ibert/work/ibert_bank_all/ibert_bank_all_ex/ibert_bank_all_ex.srcs/sources_1/ip/ibert_bank_all/ibert_bank_all.xci]
INFO: [IP_Flow 19-1686] Generating 'Instantiation Template' target for IP 'ibert_bank_all'...
INFO: [IP_Flow 19-1686] Generating 'Synthesis' target for IP 'ibert_bank_all'...
xit::expand_partial_customization: Time (s): cpu = 00:00:10 ; elapsed = 00:00:05 . Memory (MB): peak = 10340.070 ; gain = 0.000 ; free physical = 3642 ; free virtual = 29628
xit::expand_partial_customization: Time (s): cpu = 00:00:06 ; elapsed = 00:00:06 . Memory (MB): peak = 10366.094 ; gain = 16.000 ; free physical = 3611 ; free virtual = 29597
xit::expand_partial_customization: Time (s): cpu = 00:00:06 ; elapsed = 00:00:06 . Memory (MB): peak = 10366.098 ; gain = 0.004 ; free physical = 3626 ; free virtual = 29613
xit::expand_partial_customization: Time (s): cpu = 00:00:06 ; elapsed = 00:00:06 . Memory (MB): peak = 10366.098 ; gain = 0.000 ; free physical = 3624 ; free virtual = 29611
INFO: [IP_Flow 19-1686] Generating 'Implementation' target for IP 'ibert_bank_all'...
INFO: [IP_Flow 19-1686] Generating 'Change Log' target for IP 'ibert_bank_all'...
WARNING: [Vivado 12-4154] User modified property 'UserDisabled' (with value '1') was detected on '/home/chiwei/work/checkout/kcu116/kcu116_ibert/work/ibert_bank_all/ibert_bank_all_ex/ibert_bank_all_ex.srcs/sources_1/ip/ibert_bank_all/data/mb_bootloop_le.elf'.
WARNING: [Vivado 12-4154] User modified property 'UserDisabled' (with value '1') was detected on '/home/chiwei/work/checkout/kcu116/kcu116_ibert/work/ibert_bank_all/ibert_bank_all_ex/ibert_bank_all_ex.srcs/sources_1/ip/ibert_bank_all/data/mb_bootloop_le.elf'.
WARNING: [Vivado 12-4152] One or more user modified properties were detected. The reset_target command can be used to reset the targets data which will also reset all target properties.
generate_target: Time (s): cpu = 00:00:39 ; elapsed = 00:00:36 . Memory (MB): peak = 10366.098 ; gain = 26.027 ; free physical = 3629 ; free virtual = 29615
catch { config_ip_cache -export [get_ips -all ibert_bank_all] }
export_ip_user_files -of_objects [get_files /home/chiwei/work/checkout/kcu116/kcu116_ibert/work/ibert_bank_all/ibert_bank_all_ex/ibert_bank_all_ex.srcs/sources_1/ip/ibert_bank_all/ibert_bank_all.xci] -no_script -sync -force -quiet
create_ip_run [get_files -of_objects [get_fileset sources_1] /home/chiwei/work/checkout/kcu116/kcu116_ibert/work/ibert_bank_all/ibert_bank_all_ex/ibert_bank_all_ex.srcs/sources_1/ip/ibert_bank_all/ibert_bank_all.xci]
launch_runs -jobs 4 ibert_bank_all_synth_1
[Tue Apr 24 13:02:44 2018] Launched ibert_bank_all_synth_1...
Run output will be captured here: /home/chiwei/work/checkout/kcu116/kcu116_ibert/work/ibert_bank_all/ibert_bank_all_ex/ibert_bank_all_ex.runs/ibert_bank_all_synth_1/runme.log
export_simulation -of_objects [get_files /home/chiwei/work/checkout/kcu116/kcu116_ibert/work/ibert_bank_all/ibert_bank_all_ex/ibert_bank_all_ex.srcs/sources_1/ip/ibert_bank_all/ibert_bank_all.xci] -directory /home/chiwei/work/checkout/kcu116/kcu116_ibert/work/ibert_bank_all/ibert_bank_all_ex/ibert_bank_all_ex.ip_user_files/sim_scripts -ip_user_files_dir /home/chiwei/work/checkout/kcu116/kcu116_ibert/work/ibert_bank_all/ibert_bank_all_ex/ibert_bank_all_ex.ip_user_files -ipstatic_source_dir /home/chiwei/work/checkout/kcu116/kcu116_ibert/work/ibert_bank_all/ibert_bank_all_ex/ibert_bank_all_ex.ip_user_files/ipstatic -lib_map_path [list {modelsim=/home/chiwei/work/checkout/kcu116/kcu116_ibert/work/ibert_bank_all/ibert_bank_all_ex/ibert_bank_all_ex.cache/compile_simlib/modelsim} {questa=/home/chiwei/work/checkout/kcu116/kcu116_ibert/work/ibert_bank_all/ibert_bank_all_ex/ibert_bank_all_ex.cache/compile_simlib/questa} {ies=/home/chiwei/work/checkout/kcu116/kcu116_ibert/work/ibert_bank_all/ibert_bank_all_ex/ibert_bank_all_ex.cache/compile_simlib/ies} {xcelium=/home/chiwei/work/checkout/kcu116/kcu116_ibert/work/ibert_bank_all/ibert_bank_all_ex/ibert_bank_all_ex.cache/compile_simlib/xcelium} {vcs=/home/chiwei/work/checkout/kcu116/kcu116_ibert/work/ibert_bank_all/ibert_bank_all_ex/ibert_bank_all_ex.cache/compile_simlib/vcs} {riviera=/home/chiwei/work/checkout/kcu116/kcu116_ibert/work/ibert_bank_all/ibert_bank_all_ex/ibert_bank_all_ex.cache/compile_simlib/riviera}] -use_ip_compiled_libs -force -quiet
reset_run synth_1
launch_runs impl_1 -to_step write_bitstream -jobs 4
[Tue Apr 24 13:03:05 2018] Launched ibert_bank_all_synth_1, synth_1...
Run output will be captured here:
ibert_bank_all_synth_1: /home/chiwei/work/checkout/kcu116/kcu116_ibert/work/ibert_bank_all/ibert_bank_all_ex/ibert_bank_all_ex.runs/ibert_bank_all_synth_1/runme.log
synth_1: /home/chiwei/work/checkout/kcu116/kcu116_ibert/work/ibert_bank_all/ibert_bank_all_ex/ibert_bank_all_ex.runs/synth_1/runme.log
[Tue Apr 24 13:03:06 2018] Launched impl_1...
Run output will be captured here: /home/chiwei/work/checkout/kcu116/kcu116_ibert/work/ibert_bank_all/ibert_bank_all_ex/ibert_bank_all_ex.runs/impl_1/runme.log
open_hw
connect_hw_server
INFO: [Labtools 27-2285] Connecting to hw_server url TCP:localhost:3121
INFO: [Labtools 27-2222] Launching hw_server...
INFO: [Labtools 27-2221] Launch Output:

****** Xilinx hw_server v2018.1
  **** Build date : Apr  4 2018-18:56:09
    ** Copyright 1986-2018 Xilinx, Inc. All Rights Reserved.


open_hw_target
INFO: [Labtoolstcl 44-466] Opening hw_target localhost:3121/xilinx_tcf/Digilent/210308A47500
set_property PROGRAM.FILE {/home/chiwei/work/checkout/kcu116/kcu116_ibert/ibert_bank_all/ibert_bank_all_ex/ibert_bank_all_ex.runs/impl_1/example_ibert_bank_all.bit} [get_hw_devices xcku5p_0]
set_property PROBES.FILE {/home/chiwei/work/checkout/kcu116/kcu116_ibert/ibert_bank_all/ibert_bank_all_ex/ibert_bank_all_ex.runs/impl_1/example_ibert_bank_all.ltx} [get_hw_devices xcku5p_0]
set_property FULL_PROBES.FILE {/home/chiwei/work/checkout/kcu116/kcu116_ibert/ibert_bank_all/ibert_bank_all_ex/ibert_bank_all_ex.runs/impl_1/example_ibert_bank_all.ltx} [get_hw_devices xcku5p_0]
current_hw_device [get_hw_devices xcku5p_0]
refresh_hw_device [lindex [get_hw_devices xcku5p_0] 0]
INFO: [Labtools 27-2302] Device xcku5p (JTAG device index = 0) is programmed with a design that has 1 IBERT core(s).
INFO: [Labtools 27-3134] 1 properties from Link : Link 10 is(are) being modified based on the saved project settings.
INFO: [Labtools 27-3134] 1 properties from Link : Link 8 is(are) being modified based on the saved project settings.
INFO: [Labtools 27-3134] 1 properties from Link : Link 9 is(are) being modified based on the saved project settings.
INFO: [Labtools 27-3134] 1 properties from Link : Link 12 is(are) being modified based on the saved project settings.
INFO: [Labtools 27-3134] 1 properties from Link : Link 13 is(are) being modified based on the saved project settings.
INFO: [Labtools 27-3134] 1 properties from Link : Link 14 is(are) being modified based on the saved project settings.
INFO: [Labtools 27-3134] 1 properties from Link : Link 15 is(are) being modified based on the saved project settings.
set_property PROBES.FILE {/home/chiwei/work/checkout/kcu116/kcu116_ibert/work/ibert_bank_all/ibert_bank_all_ex/ibert_bank_all_ex.runs/impl_1/example_ibert_bank_all.ltx} [get_hw_devices xcku5p_0]
set_property FULL_PROBES.FILE {/home/chiwei/work/checkout/kcu116/kcu116_ibert/work/ibert_bank_all/ibert_bank_all_ex/ibert_bank_all_ex.runs/impl_1/example_ibert_bank_all.ltx} [get_hw_devices xcku5p_0]
set_property PROGRAM.FILE {/home/chiwei/work/checkout/kcu116/kcu116_ibert/work/ibert_bank_all/ibert_bank_all_ex/ibert_bank_all_ex.runs/impl_1/example_ibert_bank_all.bit} [get_hw_devices xcku5p_0]
program_hw_devices [get_hw_devices xcku5p_0]
INFO: [Labtools 27-3164] End of startup status: HIGH
program_hw_devices: Time (s): cpu = 00:00:11 ; elapsed = 00:00:11 . Memory (MB): peak = 10468.812 ; gain = 0.000 ; free physical = 6366 ; free virtual = 29661
refresh_hw_device [lindex [get_hw_devices xcku5p_0] 0]
INFO: [Labtools 27-1434] Device xcku5p (JTAG device index = 0) is programmed with a design that has no supported debug core(s) in it.
WARNING: [Labtools 27-3361] The debug hub core was not detected.
Resolution: 
1. Make sure the clock connected to the debug hub (dbg_hub) core is a free running clock and is active.
2. Make sure the BSCAN_SWITCH_USER_MASK device property in Vivado Hardware Manager reflects the user scan chain setting in the design and refresh the device.  To determine the user scan chain setting in the design, open the implemented design and use 'get_property C_USER_SCAN_CHAIN [get_debug_cores dbg_hub]'.
For more details on setting the scan chain property, consult the Vivado Debug and Programming User Guide (UG908).
close_hw
close_design
reset_run impl_1 -prev_step 
launch_runs impl_1 -to_step write_bitstream -jobs 4
[Tue Apr 24 13:52:28 2018] Launched impl_1...
Run output will be captured here: /home/chiwei/work/checkout/kcu116/kcu116_ibert/work/ibert_bank_all/ibert_bank_all_ex/ibert_bank_all_ex.runs/impl_1/runme.log
open_hw
connect_hw_server
INFO: [Labtools 27-2285] Connecting to hw_server url TCP:localhost:3121
INFO: [Labtools 27-2222] Launching hw_server...
INFO: [Labtools 27-2221] Launch Output:

****** Xilinx hw_server v2018.1
  **** Build date : Apr  4 2018-18:56:09
    ** Copyright 1986-2018 Xilinx, Inc. All Rights Reserved.


open_hw_target
INFO: [Labtoolstcl 44-466] Opening hw_target localhost:3121/xilinx_tcf/Digilent/210308A47500
set_property PROGRAM.FILE {/home/chiwei/work/checkout/kcu116/kcu116_ibert/work/ibert_bank_all/ibert_bank_all_ex/ibert_bank_all_ex.runs/impl_1/example_ibert_bank_all.bit} [get_hw_devices xcku5p_0]
set_property PROBES.FILE {/home/chiwei/work/checkout/kcu116/kcu116_ibert/work/ibert_bank_all/ibert_bank_all_ex/ibert_bank_all_ex.runs/impl_1/example_ibert_bank_all.ltx} [get_hw_devices xcku5p_0]
set_property FULL_PROBES.FILE {/home/chiwei/work/checkout/kcu116/kcu116_ibert/work/ibert_bank_all/ibert_bank_all_ex/ibert_bank_all_ex.runs/impl_1/example_ibert_bank_all.ltx} [get_hw_devices xcku5p_0]
current_hw_device [get_hw_devices xcku5p_0]
refresh_hw_device [lindex [get_hw_devices xcku5p_0] 0]
INFO: [Labtools 27-1434] Device xcku5p (JTAG device index = 0) is programmed with a design that has no supported debug core(s) in it.
WARNING: [Labtools 27-3361] The debug hub core was not detected.
Resolution: 
1. Make sure the clock connected to the debug hub (dbg_hub) core is a free running clock and is active.
2. Make sure the BSCAN_SWITCH_USER_MASK device property in Vivado Hardware Manager reflects the user scan chain setting in the design and refresh the device.  To determine the user scan chain setting in the design, open the implemented design and use 'get_property C_USER_SCAN_CHAIN [get_debug_cores dbg_hub]'.
For more details on setting the scan chain property, consult the Vivado Debug and Programming User Guide (UG908).
set_property PROBES.FILE {/home/chiwei/work/checkout/kcu116/kcu116_ibert/work/ibert_bank_all/ibert_bank_all_ex/ibert_bank_all_ex.runs/impl_1/example_ibert_bank_all.ltx} [get_hw_devices xcku5p_0]
set_property FULL_PROBES.FILE {/home/chiwei/work/checkout/kcu116/kcu116_ibert/work/ibert_bank_all/ibert_bank_all_ex/ibert_bank_all_ex.runs/impl_1/example_ibert_bank_all.ltx} [get_hw_devices xcku5p_0]
set_property PROGRAM.FILE {/home/chiwei/work/checkout/kcu116/kcu116_ibert/work/ibert_bank_all/ibert_bank_all_ex/ibert_bank_all_ex.runs/impl_1/example_ibert_bank_all.bit} [get_hw_devices xcku5p_0]
program_hw_devices [get_hw_devices xcku5p_0]
INFO: [Labtools 27-3164] End of startup status: HIGH
program_hw_devices: Time (s): cpu = 00:00:09 ; elapsed = 00:00:09 . Memory (MB): peak = 10468.816 ; gain = 0.000 ; free physical = 7343 ; free virtual = 30343
refresh_hw_device [lindex [get_hw_devices xcku5p_0] 0]
INFO: [Labtools 27-1434] Device xcku5p (JTAG device index = 0) is programmed with a design that has no supported debug core(s) in it.
WARNING: [Labtools 27-3361] The debug hub core was not detected.
Resolution: 
1. Make sure the clock connected to the debug hub (dbg_hub) core is a free running clock and is active.
2. Make sure the BSCAN_SWITCH_USER_MASK device property in Vivado Hardware Manager reflects the user scan chain setting in the design and refresh the device.  To determine the user scan chain setting in the design, open the implemented design and use 'get_property C_USER_SCAN_CHAIN [get_debug_cores dbg_hub]'.
For more details on setting the scan chain property, consult the Vivado Debug and Programming User Guide (UG908).
close_hw
reset_run synth_1
launch_runs impl_1 -to_step write_bitstream -jobs 4
[Tue Apr 24 14:45:30 2018] Launched synth_1...
Run output will be captured here: /home/chiwei/work/checkout/kcu116/kcu116_ibert/work/ibert_bank_all/ibert_bank_all_ex/ibert_bank_all_ex.runs/synth_1/runme.log
[Tue Apr 24 14:45:30 2018] Launched impl_1...
Run output will be captured here: /home/chiwei/work/checkout/kcu116/kcu116_ibert/work/ibert_bank_all/ibert_bank_all_ex/ibert_bank_all_ex.runs/impl_1/runme.log
open_hw
connect_hw_server
INFO: [Labtools 27-2285] Connecting to hw_server url TCP:localhost:3121
INFO: [Labtools 27-2222] Launching hw_server...
INFO: [Labtools 27-2221] Launch Output:

****** Xilinx hw_server v2018.1
  **** Build date : Apr  4 2018-18:56:09
    ** Copyright 1986-2018 Xilinx, Inc. All Rights Reserved.


open_hw_target
INFO: [Labtoolstcl 44-466] Opening hw_target localhost:3121/xilinx_tcf/Digilent/210308A47500
set_property PROGRAM.FILE {/home/chiwei/work/checkout/kcu116/kcu116_ibert/work/ibert_bank_all/ibert_bank_all_ex/ibert_bank_all_ex.runs/impl_1/example_ibert_bank_all.bit} [get_hw_devices xcku5p_0]
set_property PROBES.FILE {/home/chiwei/work/checkout/kcu116/kcu116_ibert/work/ibert_bank_all/ibert_bank_all_ex/ibert_bank_all_ex.runs/impl_1/example_ibert_bank_all.ltx} [get_hw_devices xcku5p_0]
set_property FULL_PROBES.FILE {/home/chiwei/work/checkout/kcu116/kcu116_ibert/work/ibert_bank_all/ibert_bank_all_ex/ibert_bank_all_ex.runs/impl_1/example_ibert_bank_all.ltx} [get_hw_devices xcku5p_0]
current_hw_device [get_hw_devices xcku5p_0]
refresh_hw_device [lindex [get_hw_devices xcku5p_0] 0]
INFO: [Labtools 27-1434] Device xcku5p (JTAG device index = 0) is programmed with a design that has no supported debug core(s) in it.
WARNING: [Labtools 27-3361] The debug hub core was not detected.
Resolution: 
1. Make sure the clock connected to the debug hub (dbg_hub) core is a free running clock and is active.
2. Make sure the BSCAN_SWITCH_USER_MASK device property in Vivado Hardware Manager reflects the user scan chain setting in the design and refresh the device.  To determine the user scan chain setting in the design, open the implemented design and use 'get_property C_USER_SCAN_CHAIN [get_debug_cores dbg_hub]'.
For more details on setting the scan chain property, consult the Vivado Debug and Programming User Guide (UG908).
set_property PROBES.FILE {/home/chiwei/work/checkout/kcu116/kcu116_ibert/work/ibert_bank_all/ibert_bank_all_ex/ibert_bank_all_ex.runs/impl_1/example_ibert_bank_all.ltx} [get_hw_devices xcku5p_0]
set_property FULL_PROBES.FILE {/home/chiwei/work/checkout/kcu116/kcu116_ibert/work/ibert_bank_all/ibert_bank_all_ex/ibert_bank_all_ex.runs/impl_1/example_ibert_bank_all.ltx} [get_hw_devices xcku5p_0]
set_property PROGRAM.FILE {/home/chiwei/work/checkout/kcu116/kcu116_ibert/work/ibert_bank_all/ibert_bank_all_ex/ibert_bank_all_ex.runs/impl_1/example_ibert_bank_all.bit} [get_hw_devices xcku5p_0]
program_hw_devices [get_hw_devices xcku5p_0]
INFO: [Labtools 27-3164] End of startup status: HIGH
program_hw_devices: Time (s): cpu = 00:00:09 ; elapsed = 00:00:09 . Memory (MB): peak = 10468.816 ; gain = 0.000 ; free physical = 11833 ; free virtual = 34776
refresh_hw_device [lindex [get_hw_devices xcku5p_0] 0]
ERROR: [Xicom 50-38] xicom: Device:0, user chain number:1, slave index:1. Reading intermittently wrong data from core. Try slower target speed. Make sure design meets timing requirements.
ERROR: [Xicom 50-38] xicom: Device:0, user chain number:1, slave index:1, is not a valid CseXsdb Slave core.
ERROR: [Labtools 27-3176] hw_server failed during internal command.
Resolution: Check that the hw_server is running and the hardware connectivity to the target
set_property PROBES.FILE {/home/chiwei/work/checkout/kcu116/kcu116_ibert/work/ibert_bank_all/ibert_bank_all_ex/ibert_bank_all_ex.runs/impl_1/example_ibert_bank_all.ltx} [get_hw_devices xcku5p_0]
set_property FULL_PROBES.FILE {/home/chiwei/work/checkout/kcu116/kcu116_ibert/work/ibert_bank_all/ibert_bank_all_ex/ibert_bank_all_ex.runs/impl_1/example_ibert_bank_all.ltx} [get_hw_devices xcku5p_0]
set_property PROGRAM.FILE {/home/chiwei/work/checkout/kcu116/kcu116_ibert/ready_for_download/ibert_bank_all.bit} [get_hw_devices xcku5p_0]
program_hw_devices [get_hw_devices xcku5p_0]
INFO: [Labtools 27-3164] End of startup status: HIGH
program_hw_devices: Time (s): cpu = 00:00:09 ; elapsed = 00:00:09 . Memory (MB): peak = 10468.816 ; gain = 0.000 ; free physical = 11818 ; free virtual = 34761
refresh_hw_device [lindex [get_hw_devices xcku5p_0] 0]
ERROR: [Xicom 50-38] xicom: Device:0, user chain number:1, slave index:12. Reading intermittently wrong data from core. Try slower target speed. Make sure design meets timing requirements.
ERROR: [Xicom 50-38] xicom: Device:0, user chain number:1, slave index:12, is not a valid CseXsdb Slave core.
ERROR: [Labtools 27-3176] hw_server failed during internal command.
Resolution: Check that the hw_server is running and the hardware connectivity to the target
close_hw
open_hw
connect_hw_server
INFO: [Labtools 27-2285] Connecting to hw_server url TCP:localhost:3121
open_hw_target
INFO: [Labtoolstcl 44-466] Opening hw_target localhost:3121/xilinx_tcf/Digilent/210308A47500
set_property PROGRAM.FILE {/home/chiwei/work/checkout/kcu116/kcu116_ibert/ready_for_download/ibert_bank_all.bit} [get_hw_devices xcku5p_0]
set_property PROBES.FILE {/home/chiwei/work/checkout/kcu116/kcu116_ibert/work/ibert_bank_all/ibert_bank_all_ex/ibert_bank_all_ex.runs/impl_1/example_ibert_bank_all.ltx} [get_hw_devices xcku5p_0]
set_property FULL_PROBES.FILE {/home/chiwei/work/checkout/kcu116/kcu116_ibert/work/ibert_bank_all/ibert_bank_all_ex/ibert_bank_all_ex.runs/impl_1/example_ibert_bank_all.ltx} [get_hw_devices xcku5p_0]
current_hw_device [get_hw_devices xcku5p_0]
refresh_hw_device [lindex [get_hw_devices xcku5p_0] 0]
INFO: [Labtools 27-2302] Device xcku5p (JTAG device index = 0) is programmed with a design that has 1 IBERT core(s).
INFO: [Labtools 27-3134] 1 properties from Link : Link 10 is(are) being modified based on the saved project settings.
INFO: [Labtools 27-3134] 1 properties from Link : Link 11 is(are) being modified based on the saved project settings.
INFO: [Labtools 27-3134] 1 properties from Link : Link 8 is(are) being modified based on the saved project settings.
INFO: [Labtools 27-3134] 1 properties from Link : Link 9 is(are) being modified based on the saved project settings.
set_property PROBES.FILE {/home/chiwei/work/checkout/kcu116/kcu116_ibert/work/ibert_bank_all/ibert_bank_all_ex/ibert_bank_all_ex.runs/impl_1/example_ibert_bank_all.ltx} [get_hw_devices xcku5p_0]
set_property FULL_PROBES.FILE {/home/chiwei/work/checkout/kcu116/kcu116_ibert/work/ibert_bank_all/ibert_bank_all_ex/ibert_bank_all_ex.runs/impl_1/example_ibert_bank_all.ltx} [get_hw_devices xcku5p_0]
set_property PROGRAM.FILE {/home/chiwei/work/checkout/kcu116/kcu116_ibert/work/ibert_bank_all/ibert_bank_all_ex/ibert_bank_all_ex.runs/impl_1/example_ibert_bank_all.bit} [get_hw_devices xcku5p_0]
program_hw_devices [get_hw_devices xcku5p_0]
INFO: [Labtools 27-3164] End of startup status: HIGH
program_hw_devices: Time (s): cpu = 00:00:11 ; elapsed = 00:00:11 . Memory (MB): peak = 10468.816 ; gain = 0.000 ; free physical = 11774 ; free virtual = 34717
refresh_hw_device [lindex [get_hw_devices xcku5p_0] 0]
INFO: [Labtools 27-2302] Device xcku5p (JTAG device index = 0) is programmed with a design that has 1 IBERT core(s).
INFO: [Labtools 27-3134] 1 properties from Link : Link 10 is(are) being modified based on the saved project settings.
INFO: [Labtools 27-3134] 1 properties from Link : Link 11 is(are) being modified based on the saved project settings.
INFO: [Labtools 27-3134] 1 properties from Link : Link 8 is(are) being modified based on the saved project settings.
INFO: [Labtools 27-3134] 1 properties from Link : Link 9 is(are) being modified based on the saved project settings.
set_property LOGIC.MGT_ERRCNT_RESET_CTRL 1 [get_hw_sio_links {localhost:3121/xilinx_tcf/Digilent/210308A47500/0_1_0_0/IBERT/Quad_226/MGT_X0Y8/TX->localhost:3121/xilinx_tcf/Digilent/210308A47500/0_1_0_0/IBERT/Quad_226/MGT_X0Y8/RX}]
commit_hw_sio [get_hw_sio_links {localhost:3121/xilinx_tcf/Digilent/210308A47500/0_1_0_0/IBERT/Quad_226/MGT_X0Y8/TX->localhost:3121/xilinx_tcf/Digilent/210308A47500/0_1_0_0/IBERT/Quad_226/MGT_X0Y8/RX}]
set_property LOGIC.MGT_ERRCNT_RESET_CTRL 0 [get_hw_sio_links {localhost:3121/xilinx_tcf/Digilent/210308A47500/0_1_0_0/IBERT/Quad_226/MGT_X0Y8/TX->localhost:3121/xilinx_tcf/Digilent/210308A47500/0_1_0_0/IBERT/Quad_226/MGT_X0Y8/RX}]
commit_hw_sio [get_hw_sio_links {localhost:3121/xilinx_tcf/Digilent/210308A47500/0_1_0_0/IBERT/Quad_226/MGT_X0Y8/TX->localhost:3121/xilinx_tcf/Digilent/210308A47500/0_1_0_0/IBERT/Quad_226/MGT_X0Y8/RX}]
set_property LOGIC.MGT_ERRCNT_RESET_CTRL 1 [get_hw_sio_links {localhost:3121/xilinx_tcf/Digilent/210308A47500/0_1_0_0/IBERT/Quad_226/MGT_X0Y8/TX->localhost:3121/xilinx_tcf/Digilent/210308A47500/0_1_0_0/IBERT/Quad_226/MGT_X0Y8/RX}]
commit_hw_sio [get_hw_sio_links {localhost:3121/xilinx_tcf/Digilent/210308A47500/0_1_0_0/IBERT/Quad_226/MGT_X0Y8/TX->localhost:3121/xilinx_tcf/Digilent/210308A47500/0_1_0_0/IBERT/Quad_226/MGT_X0Y8/RX}]
set_property LOGIC.MGT_ERRCNT_RESET_CTRL 0 [get_hw_sio_links {localhost:3121/xilinx_tcf/Digilent/210308A47500/0_1_0_0/IBERT/Quad_226/MGT_X0Y8/TX->localhost:3121/xilinx_tcf/Digilent/210308A47500/0_1_0_0/IBERT/Quad_226/MGT_X0Y8/RX}]
commit_hw_sio [get_hw_sio_links {localhost:3121/xilinx_tcf/Digilent/210308A47500/0_1_0_0/IBERT/Quad_226/MGT_X0Y8/TX->localhost:3121/xilinx_tcf/Digilent/210308A47500/0_1_0_0/IBERT/Quad_226/MGT_X0Y8/RX}]
set_property LOGIC.MGT_ERRCNT_RESET_CTRL 1 [get_hw_sio_links {localhost:3121/xilinx_tcf/Digilent/210308A47500/0_1_0_0/IBERT/Quad_226/MGT_X0Y8/TX->localhost:3121/xilinx_tcf/Digilent/210308A47500/0_1_0_0/IBERT/Quad_226/MGT_X0Y8/RX}]
commit_hw_sio [get_hw_sio_links {localhost:3121/xilinx_tcf/Digilent/210308A47500/0_1_0_0/IBERT/Quad_226/MGT_X0Y8/TX->localhost:3121/xilinx_tcf/Digilent/210308A47500/0_1_0_0/IBERT/Quad_226/MGT_X0Y8/RX}]
set_property LOGIC.MGT_ERRCNT_RESET_CTRL 0 [get_hw_sio_links {localhost:3121/xilinx_tcf/Digilent/210308A47500/0_1_0_0/IBERT/Quad_226/MGT_X0Y8/TX->localhost:3121/xilinx_tcf/Digilent/210308A47500/0_1_0_0/IBERT/Quad_226/MGT_X0Y8/RX}]
commit_hw_sio [get_hw_sio_links {localhost:3121/xilinx_tcf/Digilent/210308A47500/0_1_0_0/IBERT/Quad_226/MGT_X0Y8/TX->localhost:3121/xilinx_tcf/Digilent/210308A47500/0_1_0_0/IBERT/Quad_226/MGT_X0Y8/RX}]
set_property LOGIC.MGT_ERRCNT_RESET_CTRL 1 [get_hw_sio_links {localhost:3121/xilinx_tcf/Digilent/210308A47500/0_1_0_0/IBERT/Quad_226/MGT_X0Y8/TX->localhost:3121/xilinx_tcf/Digilent/210308A47500/0_1_0_0/IBERT/Quad_226/MGT_X0Y8/RX}]
commit_hw_sio [get_hw_sio_links {localhost:3121/xilinx_tcf/Digilent/210308A47500/0_1_0_0/IBERT/Quad_226/MGT_X0Y8/TX->localhost:3121/xilinx_tcf/Digilent/210308A47500/0_1_0_0/IBERT/Quad_226/MGT_X0Y8/RX}]
set_property LOGIC.MGT_ERRCNT_RESET_CTRL 0 [get_hw_sio_links {localhost:3121/xilinx_tcf/Digilent/210308A47500/0_1_0_0/IBERT/Quad_226/MGT_X0Y8/TX->localhost:3121/xilinx_tcf/Digilent/210308A47500/0_1_0_0/IBERT/Quad_226/MGT_X0Y8/RX}]
commit_hw_sio [get_hw_sio_links {localhost:3121/xilinx_tcf/Digilent/210308A47500/0_1_0_0/IBERT/Quad_226/MGT_X0Y8/TX->localhost:3121/xilinx_tcf/Digilent/210308A47500/0_1_0_0/IBERT/Quad_226/MGT_X0Y8/RX}]
set_property LOGIC.MGT_ERRCNT_RESET_CTRL 1 [get_hw_sio_links {localhost:3121/xilinx_tcf/Digilent/210308A47500/0_1_0_0/IBERT/Quad_226/MGT_X0Y8/TX->localhost:3121/xilinx_tcf/Digilent/210308A47500/0_1_0_0/IBERT/Quad_226/MGT_X0Y8/RX}]
commit_hw_sio [get_hw_sio_links {localhost:3121/xilinx_tcf/Digilent/210308A47500/0_1_0_0/IBERT/Quad_226/MGT_X0Y8/TX->localhost:3121/xilinx_tcf/Digilent/210308A47500/0_1_0_0/IBERT/Quad_226/MGT_X0Y8/RX}]
set_property LOGIC.MGT_ERRCNT_RESET_CTRL 0 [get_hw_sio_links {localhost:3121/xilinx_tcf/Digilent/210308A47500/0_1_0_0/IBERT/Quad_226/MGT_X0Y8/TX->localhost:3121/xilinx_tcf/Digilent/210308A47500/0_1_0_0/IBERT/Quad_226/MGT_X0Y8/RX}]
commit_hw_sio [get_hw_sio_links {localhost:3121/xilinx_tcf/Digilent/210308A47500/0_1_0_0/IBERT/Quad_226/MGT_X0Y8/TX->localhost:3121/xilinx_tcf/Digilent/210308A47500/0_1_0_0/IBERT/Quad_226/MGT_X0Y8/RX}]
set_property LOGIC.MGT_ERRCNT_RESET_CTRL 1 [get_hw_sio_links {localhost:3121/xilinx_tcf/Digilent/210308A47500/0_1_0_0/IBERT/Quad_226/MGT_X0Y10/TX->localhost:3121/xilinx_tcf/Digilent/210308A47500/0_1_0_0/IBERT/Quad_226/MGT_X0Y10/RX}]
commit_hw_sio [get_hw_sio_links {localhost:3121/xilinx_tcf/Digilent/210308A47500/0_1_0_0/IBERT/Quad_226/MGT_X0Y10/TX->localhost:3121/xilinx_tcf/Digilent/210308A47500/0_1_0_0/IBERT/Quad_226/MGT_X0Y10/RX}]
set_property LOGIC.MGT_ERRCNT_RESET_CTRL 0 [get_hw_sio_links {localhost:3121/xilinx_tcf/Digilent/210308A47500/0_1_0_0/IBERT/Quad_226/MGT_X0Y10/TX->localhost:3121/xilinx_tcf/Digilent/210308A47500/0_1_0_0/IBERT/Quad_226/MGT_X0Y10/RX}]
commit_hw_sio [get_hw_sio_links {localhost:3121/xilinx_tcf/Digilent/210308A47500/0_1_0_0/IBERT/Quad_226/MGT_X0Y10/TX->localhost:3121/xilinx_tcf/Digilent/210308A47500/0_1_0_0/IBERT/Quad_226/MGT_X0Y10/RX}]
set_property LOGIC.MGT_ERRCNT_RESET_CTRL 1 [get_hw_sio_links {localhost:3121/xilinx_tcf/Digilent/210308A47500/0_1_0_0/IBERT/Quad_226/MGT_X0Y10/TX->localhost:3121/xilinx_tcf/Digilent/210308A47500/0_1_0_0/IBERT/Quad_226/MGT_X0Y10/RX}]
commit_hw_sio [get_hw_sio_links {localhost:3121/xilinx_tcf/Digilent/210308A47500/0_1_0_0/IBERT/Quad_226/MGT_X0Y10/TX->localhost:3121/xilinx_tcf/Digilent/210308A47500/0_1_0_0/IBERT/Quad_226/MGT_X0Y10/RX}]
set_property LOGIC.MGT_ERRCNT_RESET_CTRL 0 [get_hw_sio_links {localhost:3121/xilinx_tcf/Digilent/210308A47500/0_1_0_0/IBERT/Quad_226/MGT_X0Y10/TX->localhost:3121/xilinx_tcf/Digilent/210308A47500/0_1_0_0/IBERT/Quad_226/MGT_X0Y10/RX}]
commit_hw_sio [get_hw_sio_links {localhost:3121/xilinx_tcf/Digilent/210308A47500/0_1_0_0/IBERT/Quad_226/MGT_X0Y10/TX->localhost:3121/xilinx_tcf/Digilent/210308A47500/0_1_0_0/IBERT/Quad_226/MGT_X0Y10/RX}]
set_property LOGIC.MGT_ERRCNT_RESET_CTRL 1 [get_hw_sio_links {localhost:3121/xilinx_tcf/Digilent/210308A47500/0_1_0_0/IBERT/Quad_226/MGT_X0Y10/TX->localhost:3121/xilinx_tcf/Digilent/210308A47500/0_1_0_0/IBERT/Quad_226/MGT_X0Y10/RX}]
commit_hw_sio [get_hw_sio_links {localhost:3121/xilinx_tcf/Digilent/210308A47500/0_1_0_0/IBERT/Quad_226/MGT_X0Y10/TX->localhost:3121/xilinx_tcf/Digilent/210308A47500/0_1_0_0/IBERT/Quad_226/MGT_X0Y10/RX}]
set_property LOGIC.MGT_ERRCNT_RESET_CTRL 0 [get_hw_sio_links {localhost:3121/xilinx_tcf/Digilent/210308A47500/0_1_0_0/IBERT/Quad_226/MGT_X0Y10/TX->localhost:3121/xilinx_tcf/Digilent/210308A47500/0_1_0_0/IBERT/Quad_226/MGT_X0Y10/RX}]
commit_hw_sio [get_hw_sio_links {localhost:3121/xilinx_tcf/Digilent/210308A47500/0_1_0_0/IBERT/Quad_226/MGT_X0Y10/TX->localhost:3121/xilinx_tcf/Digilent/210308A47500/0_1_0_0/IBERT/Quad_226/MGT_X0Y10/RX}]
set_property LOGIC.MGT_ERRCNT_RESET_CTRL 1 [get_hw_sio_links {localhost:3121/xilinx_tcf/Digilent/210308A47500/0_1_0_0/IBERT/Quad_226/MGT_X0Y11/TX->localhost:3121/xilinx_tcf/Digilent/210308A47500/0_1_0_0/IBERT/Quad_226/MGT_X0Y11/RX}]
commit_hw_sio [get_hw_sio_links {localhost:3121/xilinx_tcf/Digilent/210308A47500/0_1_0_0/IBERT/Quad_226/MGT_X0Y11/TX->localhost:3121/xilinx_tcf/Digilent/210308A47500/0_1_0_0/IBERT/Quad_226/MGT_X0Y11/RX}]
set_property LOGIC.MGT_ERRCNT_RESET_CTRL 0 [get_hw_sio_links {localhost:3121/xilinx_tcf/Digilent/210308A47500/0_1_0_0/IBERT/Quad_226/MGT_X0Y11/TX->localhost:3121/xilinx_tcf/Digilent/210308A47500/0_1_0_0/IBERT/Quad_226/MGT_X0Y11/RX}]
commit_hw_sio [get_hw_sio_links {localhost:3121/xilinx_tcf/Digilent/210308A47500/0_1_0_0/IBERT/Quad_226/MGT_X0Y11/TX->localhost:3121/xilinx_tcf/Digilent/210308A47500/0_1_0_0/IBERT/Quad_226/MGT_X0Y11/RX}]
set_property LOGIC.MGT_ERRCNT_RESET_CTRL 1 [get_hw_sio_links -of_objects [get_hw_sio_linkgroups {LINKGROUP_0}]]
commit_hw_sio [get_hw_sio_links -of_objects [get_hw_sio_linkgroups {LINKGROUP_0}]]
set_property LOGIC.MGT_ERRCNT_RESET_CTRL 0 [get_hw_sio_links -of_objects [get_hw_sio_linkgroups {LINKGROUP_0}]]
commit_hw_sio [get_hw_sio_links -of_objects [get_hw_sio_linkgroups {LINKGROUP_0}]]
set_property LOGIC.MGT_ERRCNT_RESET_CTRL 1 [get_hw_sio_links -of_objects [get_hw_sio_linkgroups {LINKGROUP_0}]]
commit_hw_sio [get_hw_sio_links -of_objects [get_hw_sio_linkgroups {LINKGROUP_0}]]
set_property LOGIC.MGT_ERRCNT_RESET_CTRL 0 [get_hw_sio_links -of_objects [get_hw_sio_linkgroups {LINKGROUP_0}]]
commit_hw_sio [get_hw_sio_links -of_objects [get_hw_sio_linkgroups {LINKGROUP_0}]]
set_property LOGIC.MGT_ERRCNT_RESET_CTRL 1 [get_hw_sio_links -of_objects [get_hw_sio_linkgroups {LINKGROUP_0}]]
commit_hw_sio [get_hw_sio_links -of_objects [get_hw_sio_linkgroups {LINKGROUP_0}]]
set_property LOGIC.MGT_ERRCNT_RESET_CTRL 0 [get_hw_sio_links -of_objects [get_hw_sio_linkgroups {LINKGROUP_0}]]
commit_hw_sio [get_hw_sio_links -of_objects [get_hw_sio_linkgroups {LINKGROUP_0}]]
set_property LOGIC.MGT_ERRCNT_RESET_CTRL 1 [get_hw_sio_links -of_objects [get_hw_sio_linkgroups {LINKGROUP_0}]]
commit_hw_sio [get_hw_sio_links -of_objects [get_hw_sio_linkgroups {LINKGROUP_0}]]
set_property LOGIC.MGT_ERRCNT_RESET_CTRL 0 [get_hw_sio_links -of_objects [get_hw_sio_linkgroups {LINKGROUP_0}]]
commit_hw_sio [get_hw_sio_links -of_objects [get_hw_sio_linkgroups {LINKGROUP_0}]]
set_property LOGIC.MGT_ERRCNT_RESET_CTRL 1 [get_hw_sio_links -of_objects [get_hw_sio_linkgroups {LINKGROUP_0}]]
commit_hw_sio [get_hw_sio_links -of_objects [get_hw_sio_linkgroups {LINKGROUP_0}]]
set_property LOGIC.MGT_ERRCNT_RESET_CTRL 0 [get_hw_sio_links -of_objects [get_hw_sio_linkgroups {LINKGROUP_0}]]
commit_hw_sio [get_hw_sio_links -of_objects [get_hw_sio_linkgroups {LINKGROUP_0}]]
set_property LOGIC.MGT_ERRCNT_RESET_CTRL 1 [get_hw_sio_links -of_objects [get_hw_sio_linkgroups {LINKGROUP_0}]]
commit_hw_sio [get_hw_sio_links -of_objects [get_hw_sio_linkgroups {LINKGROUP_0}]]
set_property LOGIC.MGT_ERRCNT_RESET_CTRL 0 [get_hw_sio_links -of_objects [get_hw_sio_linkgroups {LINKGROUP_0}]]
commit_hw_sio [get_hw_sio_links -of_objects [get_hw_sio_linkgroups {LINKGROUP_0}]]
set_property LOGIC.MGT_ERRCNT_RESET_CTRL 1 [get_hw_sio_links -of_objects [get_hw_sio_linkgroups {LINKGROUP_0}]]
commit_hw_sio [get_hw_sio_links -of_objects [get_hw_sio_linkgroups {LINKGROUP_0}]]
set_property LOGIC.MGT_ERRCNT_RESET_CTRL 0 [get_hw_sio_links -of_objects [get_hw_sio_linkgroups {LINKGROUP_0}]]
commit_hw_sio [get_hw_sio_links -of_objects [get_hw_sio_linkgroups {LINKGROUP_0}]]
set_property LOGIC.MGT_ERRCNT_RESET_CTRL 1 [get_hw_sio_links -of_objects [get_hw_sio_linkgroups {LINKGROUP_0}]]
commit_hw_sio [get_hw_sio_links -of_objects [get_hw_sio_linkgroups {LINKGROUP_0}]]
set_property LOGIC.MGT_ERRCNT_RESET_CTRL 0 [get_hw_sio_links -of_objects [get_hw_sio_linkgroups {LINKGROUP_0}]]
commit_hw_sio [get_hw_sio_links -of_objects [get_hw_sio_linkgroups {LINKGROUP_0}]]
set_property LOGIC.MGT_ERRCNT_RESET_CTRL 1 [get_hw_sio_links -of_objects [get_hw_sio_linkgroups {LINKGROUP_0}]]
commit_hw_sio [get_hw_sio_links -of_objects [get_hw_sio_linkgroups {LINKGROUP_0}]]
set_property LOGIC.MGT_ERRCNT_RESET_CTRL 0 [get_hw_sio_links -of_objects [get_hw_sio_linkgroups {LINKGROUP_0}]]
commit_hw_sio [get_hw_sio_links -of_objects [get_hw_sio_linkgroups {LINKGROUP_0}]]
set_property LOGIC.MGT_ERRCNT_RESET_CTRL 1 [get_hw_sio_links -of_objects [get_hw_sio_linkgroups {LINKGROUP_0}]]
commit_hw_sio [get_hw_sio_links -of_objects [get_hw_sio_linkgroups {LINKGROUP_0}]]
set_property LOGIC.MGT_ERRCNT_RESET_CTRL 0 [get_hw_sio_links -of_objects [get_hw_sio_linkgroups {LINKGROUP_0}]]
commit_hw_sio [get_hw_sio_links -of_objects [get_hw_sio_linkgroups {LINKGROUP_0}]]
set_property LOGIC.MGT_ERRCNT_RESET_CTRL 1 [get_hw_sio_links -of_objects [get_hw_sio_linkgroups {LINKGROUP_0}]]
commit_hw_sio [get_hw_sio_links -of_objects [get_hw_sio_linkgroups {LINKGROUP_0}]]
set_property LOGIC.MGT_ERRCNT_RESET_CTRL 0 [get_hw_sio_links -of_objects [get_hw_sio_linkgroups {LINKGROUP_0}]]
commit_hw_sio [get_hw_sio_links -of_objects [get_hw_sio_linkgroups {LINKGROUP_0}]]
set_property LOGIC.MGT_ERRCNT_RESET_CTRL 1 [get_hw_sio_links -of_objects [get_hw_sio_linkgroups {LINKGROUP_0}]]
commit_hw_sio [get_hw_sio_links -of_objects [get_hw_sio_linkgroups {LINKGROUP_0}]]
set_property LOGIC.MGT_ERRCNT_RESET_CTRL 0 [get_hw_sio_links -of_objects [get_hw_sio_linkgroups {LINKGROUP_0}]]
commit_hw_sio [get_hw_sio_links -of_objects [get_hw_sio_linkgroups {LINKGROUP_0}]]
set_property LOGIC.MGT_ERRCNT_RESET_CTRL 1 [get_hw_sio_links -of_objects [get_hw_sio_linkgroups {LINKGROUP_0}]]
commit_hw_sio [get_hw_sio_links -of_objects [get_hw_sio_linkgroups {LINKGROUP_0}]]
set_property LOGIC.MGT_ERRCNT_RESET_CTRL 0 [get_hw_sio_links -of_objects [get_hw_sio_linkgroups {LINKGROUP_0}]]
commit_hw_sio [get_hw_sio_links -of_objects [get_hw_sio_linkgroups {LINKGROUP_0}]]
set_property LOGIC.MGT_ERRCNT_RESET_CTRL 1 [get_hw_sio_links -of_objects [get_hw_sio_linkgroups {LINKGROUP_0}]]
commit_hw_sio [get_hw_sio_links -of_objects [get_hw_sio_linkgroups {LINKGROUP_0}]]
set_property LOGIC.MGT_ERRCNT_RESET_CTRL 0 [get_hw_sio_links -of_objects [get_hw_sio_linkgroups {LINKGROUP_0}]]
commit_hw_sio [get_hw_sio_links -of_objects [get_hw_sio_linkgroups {LINKGROUP_0}]]
set_property LOGIC.MGT_ERRCNT_RESET_CTRL 1 [get_hw_sio_links -of_objects [get_hw_sio_linkgroups {LINKGROUP_0}]]
commit_hw_sio [get_hw_sio_links -of_objects [get_hw_sio_linkgroups {LINKGROUP_0}]]
set_property LOGIC.MGT_ERRCNT_RESET_CTRL 0 [get_hw_sio_links -of_objects [get_hw_sio_linkgroups {LINKGROUP_0}]]
commit_hw_sio [get_hw_sio_links -of_objects [get_hw_sio_linkgroups {LINKGROUP_0}]]
set_property LOOPBACK {Near-End PMA} [get_hw_sio_links {localhost:3121/xilinx_tcf/Digilent/210308A47500/0_1_0_0/IBERT/Quad_226/MGT_X0Y8/TX->localhost:3121/xilinx_tcf/Digilent/210308A47500/0_1_0_0/IBERT/Quad_226/MGT_X0Y8/RX}]
commit_hw_sio [get_hw_sio_links {localhost:3121/xilinx_tcf/Digilent/210308A47500/0_1_0_0/IBERT/Quad_226/MGT_X0Y8/TX->localhost:3121/xilinx_tcf/Digilent/210308A47500/0_1_0_0/IBERT/Quad_226/MGT_X0Y8/RX}]
set_property LOOPBACK {Near-End PMA} [get_hw_sio_links {localhost:3121/xilinx_tcf/Digilent/210308A47500/0_1_0_0/IBERT/Quad_226/MGT_X0Y9/TX->localhost:3121/xilinx_tcf/Digilent/210308A47500/0_1_0_0/IBERT/Quad_226/MGT_X0Y9/RX}]
commit_hw_sio [get_hw_sio_links {localhost:3121/xilinx_tcf/Digilent/210308A47500/0_1_0_0/IBERT/Quad_226/MGT_X0Y9/TX->localhost:3121/xilinx_tcf/Digilent/210308A47500/0_1_0_0/IBERT/Quad_226/MGT_X0Y9/RX}]
set_property LOOPBACK {Near-End PMA} [get_hw_sio_links -of_objects [get_hw_sio_linkgroups {LINKGROUP_0}]]
commit_hw_sio [get_hw_sio_links -of_objects [get_hw_sio_linkgroups {LINKGROUP_0}]]
set_property LOOPBACK {None} [get_hw_sio_links -of_objects [get_hw_sio_linkgroups {LINKGROUP_0}]]
commit_hw_sio [get_hw_sio_links -of_objects [get_hw_sio_linkgroups {LINKGROUP_0}]]
set_property PROBES.FILE {/home/chiwei/work/checkout/kcu116/kcu116_ibert/work/ibert_bank_all/ibert_bank_all_ex/ibert_bank_all_ex.runs/impl_1/example_ibert_bank_all.ltx} [get_hw_devices xcku5p_0]
set_property FULL_PROBES.FILE {/home/chiwei/work/checkout/kcu116/kcu116_ibert/work/ibert_bank_all/ibert_bank_all_ex/ibert_bank_all_ex.runs/impl_1/example_ibert_bank_all.ltx} [get_hw_devices xcku5p_0]
set_property PROGRAM.FILE {/home/chiwei/work/checkout/kcu116/kcu116_ibert/work/ibert_bank_all/ibert_bank_all_ex/ibert_bank_all_ex.runs/impl_1/example_ibert_bank_all.bit} [get_hw_devices xcku5p_0]
program_hw_devices [get_hw_devices xcku5p_0]
INFO: [Labtools 27-3164] End of startup status: HIGH
program_hw_devices: Time (s): cpu = 00:00:12 ; elapsed = 00:00:12 . Memory (MB): peak = 10468.816 ; gain = 0.000 ; free physical = 11727 ; free virtual = 34670
refresh_hw_device [lindex [get_hw_devices xcku5p_0] 0]
ERROR: [Xicom 50-38] xicom: Device:0, user chain number:1, slave index:6. Reading intermittently wrong data from core. Try slower target speed. Make sure design meets timing requirements.
ERROR: [Xicom 50-38] xicom: Device:0, user chain number:1, slave index:6, is not a valid CseXsdb Slave core.
ERROR: [Labtools 27-3176] hw_server failed during internal command.
Resolution: Check that the hw_server is running and the hardware connectivity to the target
set_property PROBES.FILE {/home/chiwei/work/checkout/kcu116/kcu116_ibert/work/ibert_bank_all/ibert_bank_all_ex/ibert_bank_all_ex.runs/impl_1/example_ibert_bank_all.ltx} [get_hw_devices xcku5p_0]
set_property FULL_PROBES.FILE {/home/chiwei/work/checkout/kcu116/kcu116_ibert/work/ibert_bank_all/ibert_bank_all_ex/ibert_bank_all_ex.runs/impl_1/example_ibert_bank_all.ltx} [get_hw_devices xcku5p_0]
set_property PROGRAM.FILE {/home/chiwei/work/checkout/kcu116/kcu116_ibert/work/ibert_bank_all/ibert_bank_all_ex/ibert_bank_all_ex.runs/impl_1/example_ibert_bank_all.bit} [get_hw_devices xcku5p_0]
program_hw_devices [get_hw_devices xcku5p_0]
INFO: [Labtools 27-3164] End of startup status: HIGH
program_hw_devices: Time (s): cpu = 00:00:09 ; elapsed = 00:00:09 . Memory (MB): peak = 10468.816 ; gain = 0.000 ; free physical = 11728 ; free virtual = 34671
refresh_hw_device [lindex [get_hw_devices xcku5p_0] 0]
ERROR: [Xicom 50-38] xicom: Device:0, user chain number:1, slave index:9. Reading intermittently wrong data from core. Try slower target speed. Make sure design meets timing requirements.
ERROR: [Xicom 50-38] xicom: Device:0, user chain number:1, slave index:9, is not a valid CseXsdb Slave core.
ERROR: [Labtools 27-3176] hw_server failed during internal command.
Resolution: Check that the hw_server is running and the hardware connectivity to the target
close_hw
open_hw
connect_hw_server
INFO: [Labtools 27-2285] Connecting to hw_server url TCP:localhost:3121
open_hw_target
INFO: [Labtoolstcl 44-466] Opening hw_target localhost:3121/xilinx_tcf/Digilent/210308A47500
set_property PROGRAM.FILE {/home/chiwei/work/checkout/kcu116/kcu116_ibert/work/ibert_bank_all/ibert_bank_all_ex/ibert_bank_all_ex.runs/impl_1/example_ibert_bank_all.bit} [get_hw_devices xcku5p_0]
set_property PROBES.FILE {/home/chiwei/work/checkout/kcu116/kcu116_ibert/work/ibert_bank_all/ibert_bank_all_ex/ibert_bank_all_ex.runs/impl_1/example_ibert_bank_all.ltx} [get_hw_devices xcku5p_0]
set_property FULL_PROBES.FILE {/home/chiwei/work/checkout/kcu116/kcu116_ibert/work/ibert_bank_all/ibert_bank_all_ex/ibert_bank_all_ex.runs/impl_1/example_ibert_bank_all.ltx} [get_hw_devices xcku5p_0]
current_hw_device [get_hw_devices xcku5p_0]
refresh_hw_device [lindex [get_hw_devices xcku5p_0] 0]
INFO: [Labtools 27-2302] Device xcku5p (JTAG device index = 0) is programmed with a design that has 1 IBERT core(s).
INFO: [Labtools 27-3134] 1 properties from Link : Link 10 is(are) being modified based on the saved project settings.
INFO: [Labtools 27-3134] 1 properties from Link : Link 11 is(are) being modified based on the saved project settings.
INFO: [Labtools 27-3134] 1 properties from Link : Link 8 is(are) being modified based on the saved project settings.
INFO: [Labtools 27-3134] 1 properties from Link : Link 9 is(are) being modified based on the saved project settings.
set_property LOGIC.MGT_ERRCNT_RESET_CTRL 1 [get_hw_sio_links {localhost:3121/xilinx_tcf/Digilent/210308A47500/0_1_0_0/IBERT/Quad_226/MGT_X0Y11/TX->localhost:3121/xilinx_tcf/Digilent/210308A47500/0_1_0_0/IBERT/Quad_226/MGT_X0Y11/RX}]
commit_hw_sio [get_hw_sio_links {localhost:3121/xilinx_tcf/Digilent/210308A47500/0_1_0_0/IBERT/Quad_226/MGT_X0Y11/TX->localhost:3121/xilinx_tcf/Digilent/210308A47500/0_1_0_0/IBERT/Quad_226/MGT_X0Y11/RX}]
set_property LOGIC.MGT_ERRCNT_RESET_CTRL 0 [get_hw_sio_links {localhost:3121/xilinx_tcf/Digilent/210308A47500/0_1_0_0/IBERT/Quad_226/MGT_X0Y11/TX->localhost:3121/xilinx_tcf/Digilent/210308A47500/0_1_0_0/IBERT/Quad_226/MGT_X0Y11/RX}]
commit_hw_sio [get_hw_sio_links {localhost:3121/xilinx_tcf/Digilent/210308A47500/0_1_0_0/IBERT/Quad_226/MGT_X0Y11/TX->localhost:3121/xilinx_tcf/Digilent/210308A47500/0_1_0_0/IBERT/Quad_226/MGT_X0Y11/RX}]
set_property LOGIC.MGT_ERRCNT_RESET_CTRL 1 [get_hw_sio_links {localhost:3121/xilinx_tcf/Digilent/210308A47500/0_1_0_0/IBERT/Quad_226/MGT_X0Y10/TX->localhost:3121/xilinx_tcf/Digilent/210308A47500/0_1_0_0/IBERT/Quad_226/MGT_X0Y10/RX}]
commit_hw_sio [get_hw_sio_links {localhost:3121/xilinx_tcf/Digilent/210308A47500/0_1_0_0/IBERT/Quad_226/MGT_X0Y10/TX->localhost:3121/xilinx_tcf/Digilent/210308A47500/0_1_0_0/IBERT/Quad_226/MGT_X0Y10/RX}]
set_property LOGIC.MGT_ERRCNT_RESET_CTRL 0 [get_hw_sio_links {localhost:3121/xilinx_tcf/Digilent/210308A47500/0_1_0_0/IBERT/Quad_226/MGT_X0Y10/TX->localhost:3121/xilinx_tcf/Digilent/210308A47500/0_1_0_0/IBERT/Quad_226/MGT_X0Y10/RX}]
commit_hw_sio [get_hw_sio_links {localhost:3121/xilinx_tcf/Digilent/210308A47500/0_1_0_0/IBERT/Quad_226/MGT_X0Y10/TX->localhost:3121/xilinx_tcf/Digilent/210308A47500/0_1_0_0/IBERT/Quad_226/MGT_X0Y10/RX}]
set_property LOGIC.MGT_ERRCNT_RESET_CTRL 1 [get_hw_sio_links {localhost:3121/xilinx_tcf/Digilent/210308A47500/0_1_0_0/IBERT/Quad_226/MGT_X0Y10/TX->localhost:3121/xilinx_tcf/Digilent/210308A47500/0_1_0_0/IBERT/Quad_226/MGT_X0Y10/RX}]
commit_hw_sio [get_hw_sio_links {localhost:3121/xilinx_tcf/Digilent/210308A47500/0_1_0_0/IBERT/Quad_226/MGT_X0Y10/TX->localhost:3121/xilinx_tcf/Digilent/210308A47500/0_1_0_0/IBERT/Quad_226/MGT_X0Y10/RX}]
set_property LOGIC.MGT_ERRCNT_RESET_CTRL 0 [get_hw_sio_links {localhost:3121/xilinx_tcf/Digilent/210308A47500/0_1_0_0/IBERT/Quad_226/MGT_X0Y10/TX->localhost:3121/xilinx_tcf/Digilent/210308A47500/0_1_0_0/IBERT/Quad_226/MGT_X0Y10/RX}]
commit_hw_sio [get_hw_sio_links {localhost:3121/xilinx_tcf/Digilent/210308A47500/0_1_0_0/IBERT/Quad_226/MGT_X0Y10/TX->localhost:3121/xilinx_tcf/Digilent/210308A47500/0_1_0_0/IBERT/Quad_226/MGT_X0Y10/RX}]
set_property LOGIC.MGT_ERRCNT_RESET_CTRL 1 [get_hw_sio_links {localhost:3121/xilinx_tcf/Digilent/210308A47500/0_1_0_0/IBERT/Quad_226/MGT_X0Y10/TX->localhost:3121/xilinx_tcf/Digilent/210308A47500/0_1_0_0/IBERT/Quad_226/MGT_X0Y10/RX}]
commit_hw_sio [get_hw_sio_links {localhost:3121/xilinx_tcf/Digilent/210308A47500/0_1_0_0/IBERT/Quad_226/MGT_X0Y10/TX->localhost:3121/xilinx_tcf/Digilent/210308A47500/0_1_0_0/IBERT/Quad_226/MGT_X0Y10/RX}]
set_property LOGIC.MGT_ERRCNT_RESET_CTRL 0 [get_hw_sio_links {localhost:3121/xilinx_tcf/Digilent/210308A47500/0_1_0_0/IBERT/Quad_226/MGT_X0Y10/TX->localhost:3121/xilinx_tcf/Digilent/210308A47500/0_1_0_0/IBERT/Quad_226/MGT_X0Y10/RX}]
commit_hw_sio [get_hw_sio_links {localhost:3121/xilinx_tcf/Digilent/210308A47500/0_1_0_0/IBERT/Quad_226/MGT_X0Y10/TX->localhost:3121/xilinx_tcf/Digilent/210308A47500/0_1_0_0/IBERT/Quad_226/MGT_X0Y10/RX}]
set_property LOGIC.MGT_ERRCNT_RESET_CTRL 1 [get_hw_sio_links {localhost:3121/xilinx_tcf/Digilent/210308A47500/0_1_0_0/IBERT/Quad_226/MGT_X0Y10/TX->localhost:3121/xilinx_tcf/Digilent/210308A47500/0_1_0_0/IBERT/Quad_226/MGT_X0Y10/RX}]
commit_hw_sio [get_hw_sio_links {localhost:3121/xilinx_tcf/Digilent/210308A47500/0_1_0_0/IBERT/Quad_226/MGT_X0Y10/TX->localhost:3121/xilinx_tcf/Digilent/210308A47500/0_1_0_0/IBERT/Quad_226/MGT_X0Y10/RX}]
set_property LOGIC.MGT_ERRCNT_RESET_CTRL 0 [get_hw_sio_links {localhost:3121/xilinx_tcf/Digilent/210308A47500/0_1_0_0/IBERT/Quad_226/MGT_X0Y10/TX->localhost:3121/xilinx_tcf/Digilent/210308A47500/0_1_0_0/IBERT/Quad_226/MGT_X0Y10/RX}]
commit_hw_sio [get_hw_sio_links {localhost:3121/xilinx_tcf/Digilent/210308A47500/0_1_0_0/IBERT/Quad_226/MGT_X0Y10/TX->localhost:3121/xilinx_tcf/Digilent/210308A47500/0_1_0_0/IBERT/Quad_226/MGT_X0Y10/RX}]
set_property LOOPBACK {Near-End PCS} [get_hw_sio_links {localhost:3121/xilinx_tcf/Digilent/210308A47500/0_1_0_0/IBERT/Quad_226/MGT_X0Y8/TX->localhost:3121/xilinx_tcf/Digilent/210308A47500/0_1_0_0/IBERT/Quad_226/MGT_X0Y8/RX}]
commit_hw_sio [get_hw_sio_links {localhost:3121/xilinx_tcf/Digilent/210308A47500/0_1_0_0/IBERT/Quad_226/MGT_X0Y8/TX->localhost:3121/xilinx_tcf/Digilent/210308A47500/0_1_0_0/IBERT/Quad_226/MGT_X0Y8/RX}]
set_property LOOPBACK {Near-End PCS} [get_hw_sio_links {localhost:3121/xilinx_tcf/Digilent/210308A47500/0_1_0_0/IBERT/Quad_226/MGT_X0Y9/TX->localhost:3121/xilinx_tcf/Digilent/210308A47500/0_1_0_0/IBERT/Quad_226/MGT_X0Y9/RX}]
commit_hw_sio [get_hw_sio_links {localhost:3121/xilinx_tcf/Digilent/210308A47500/0_1_0_0/IBERT/Quad_226/MGT_X0Y9/TX->localhost:3121/xilinx_tcf/Digilent/210308A47500/0_1_0_0/IBERT/Quad_226/MGT_X0Y9/RX}]
set_property LOGIC.MGT_ERRCNT_RESET_CTRL 1 [get_hw_sio_links {localhost:3121/xilinx_tcf/Digilent/210308A47500/0_1_0_0/IBERT/Quad_226/MGT_X0Y8/TX->localhost:3121/xilinx_tcf/Digilent/210308A47500/0_1_0_0/IBERT/Quad_226/MGT_X0Y8/RX}]
commit_hw_sio [get_hw_sio_links {localhost:3121/xilinx_tcf/Digilent/210308A47500/0_1_0_0/IBERT/Quad_226/MGT_X0Y8/TX->localhost:3121/xilinx_tcf/Digilent/210308A47500/0_1_0_0/IBERT/Quad_226/MGT_X0Y8/RX}]
set_property LOGIC.MGT_ERRCNT_RESET_CTRL 0 [get_hw_sio_links {localhost:3121/xilinx_tcf/Digilent/210308A47500/0_1_0_0/IBERT/Quad_226/MGT_X0Y8/TX->localhost:3121/xilinx_tcf/Digilent/210308A47500/0_1_0_0/IBERT/Quad_226/MGT_X0Y8/RX}]
commit_hw_sio [get_hw_sio_links {localhost:3121/xilinx_tcf/Digilent/210308A47500/0_1_0_0/IBERT/Quad_226/MGT_X0Y8/TX->localhost:3121/xilinx_tcf/Digilent/210308A47500/0_1_0_0/IBERT/Quad_226/MGT_X0Y8/RX}]
set_property LOGIC.MGT_ERRCNT_RESET_CTRL 1 [get_hw_sio_links {localhost:3121/xilinx_tcf/Digilent/210308A47500/0_1_0_0/IBERT/Quad_226/MGT_X0Y9/TX->localhost:3121/xilinx_tcf/Digilent/210308A47500/0_1_0_0/IBERT/Quad_226/MGT_X0Y9/RX}]
commit_hw_sio [get_hw_sio_links {localhost:3121/xilinx_tcf/Digilent/210308A47500/0_1_0_0/IBERT/Quad_226/MGT_X0Y9/TX->localhost:3121/xilinx_tcf/Digilent/210308A47500/0_1_0_0/IBERT/Quad_226/MGT_X0Y9/RX}]
set_property LOGIC.MGT_ERRCNT_RESET_CTRL 0 [get_hw_sio_links {localhost:3121/xilinx_tcf/Digilent/210308A47500/0_1_0_0/IBERT/Quad_226/MGT_X0Y9/TX->localhost:3121/xilinx_tcf/Digilent/210308A47500/0_1_0_0/IBERT/Quad_226/MGT_X0Y9/RX}]
commit_hw_sio [get_hw_sio_links {localhost:3121/xilinx_tcf/Digilent/210308A47500/0_1_0_0/IBERT/Quad_226/MGT_X0Y9/TX->localhost:3121/xilinx_tcf/Digilent/210308A47500/0_1_0_0/IBERT/Quad_226/MGT_X0Y9/RX}]
set_property LOGIC.MGT_ERRCNT_RESET_CTRL 1 [get_hw_sio_links {localhost:3121/xilinx_tcf/Digilent/210308A47500/0_1_0_0/IBERT/Quad_226/MGT_X0Y9/TX->localhost:3121/xilinx_tcf/Digilent/210308A47500/0_1_0_0/IBERT/Quad_226/MGT_X0Y9/RX}]
commit_hw_sio [get_hw_sio_links {localhost:3121/xilinx_tcf/Digilent/210308A47500/0_1_0_0/IBERT/Quad_226/MGT_X0Y9/TX->localhost:3121/xilinx_tcf/Digilent/210308A47500/0_1_0_0/IBERT/Quad_226/MGT_X0Y9/RX}]
set_property LOGIC.MGT_ERRCNT_RESET_CTRL 0 [get_hw_sio_links {localhost:3121/xilinx_tcf/Digilent/210308A47500/0_1_0_0/IBERT/Quad_226/MGT_X0Y9/TX->localhost:3121/xilinx_tcf/Digilent/210308A47500/0_1_0_0/IBERT/Quad_226/MGT_X0Y9/RX}]
commit_hw_sio [get_hw_sio_links {localhost:3121/xilinx_tcf/Digilent/210308A47500/0_1_0_0/IBERT/Quad_226/MGT_X0Y9/TX->localhost:3121/xilinx_tcf/Digilent/210308A47500/0_1_0_0/IBERT/Quad_226/MGT_X0Y9/RX}]
set_property LOOPBACK {Near-End PMA} [get_hw_sio_links {localhost:3121/xilinx_tcf/Digilent/210308A47500/0_1_0_0/IBERT/Quad_226/MGT_X0Y10/TX->localhost:3121/xilinx_tcf/Digilent/210308A47500/0_1_0_0/IBERT/Quad_226/MGT_X0Y10/RX}]
commit_hw_sio [get_hw_sio_links {localhost:3121/xilinx_tcf/Digilent/210308A47500/0_1_0_0/IBERT/Quad_226/MGT_X0Y10/TX->localhost:3121/xilinx_tcf/Digilent/210308A47500/0_1_0_0/IBERT/Quad_226/MGT_X0Y10/RX}]
set_property LOOPBACK {Near-End PMA} [get_hw_sio_links {localhost:3121/xilinx_tcf/Digilent/210308A47500/0_1_0_0/IBERT/Quad_226/MGT_X0Y11/TX->localhost:3121/xilinx_tcf/Digilent/210308A47500/0_1_0_0/IBERT/Quad_226/MGT_X0Y11/RX}]
commit_hw_sio [get_hw_sio_links {localhost:3121/xilinx_tcf/Digilent/210308A47500/0_1_0_0/IBERT/Quad_226/MGT_X0Y11/TX->localhost:3121/xilinx_tcf/Digilent/210308A47500/0_1_0_0/IBERT/Quad_226/MGT_X0Y11/RX}]
set_property LOGIC.MGT_ERRCNT_RESET_CTRL 1 [get_hw_sio_links {localhost:3121/xilinx_tcf/Digilent/210308A47500/0_1_0_0/IBERT/Quad_226/MGT_X0Y10/TX->localhost:3121/xilinx_tcf/Digilent/210308A47500/0_1_0_0/IBERT/Quad_226/MGT_X0Y10/RX}]
commit_hw_sio [get_hw_sio_links {localhost:3121/xilinx_tcf/Digilent/210308A47500/0_1_0_0/IBERT/Quad_226/MGT_X0Y10/TX->localhost:3121/xilinx_tcf/Digilent/210308A47500/0_1_0_0/IBERT/Quad_226/MGT_X0Y10/RX}]
set_property LOGIC.MGT_ERRCNT_RESET_CTRL 0 [get_hw_sio_links {localhost:3121/xilinx_tcf/Digilent/210308A47500/0_1_0_0/IBERT/Quad_226/MGT_X0Y10/TX->localhost:3121/xilinx_tcf/Digilent/210308A47500/0_1_0_0/IBERT/Quad_226/MGT_X0Y10/RX}]
commit_hw_sio [get_hw_sio_links {localhost:3121/xilinx_tcf/Digilent/210308A47500/0_1_0_0/IBERT/Quad_226/MGT_X0Y10/TX->localhost:3121/xilinx_tcf/Digilent/210308A47500/0_1_0_0/IBERT/Quad_226/MGT_X0Y10/RX}]
set_property LOGIC.MGT_ERRCNT_RESET_CTRL 1 [get_hw_sio_links {localhost:3121/xilinx_tcf/Digilent/210308A47500/0_1_0_0/IBERT/Quad_226/MGT_X0Y11/TX->localhost:3121/xilinx_tcf/Digilent/210308A47500/0_1_0_0/IBERT/Quad_226/MGT_X0Y11/RX}]
commit_hw_sio [get_hw_sio_links {localhost:3121/xilinx_tcf/Digilent/210308A47500/0_1_0_0/IBERT/Quad_226/MGT_X0Y11/TX->localhost:3121/xilinx_tcf/Digilent/210308A47500/0_1_0_0/IBERT/Quad_226/MGT_X0Y11/RX}]
set_property LOGIC.MGT_ERRCNT_RESET_CTRL 0 [get_hw_sio_links {localhost:3121/xilinx_tcf/Digilent/210308A47500/0_1_0_0/IBERT/Quad_226/MGT_X0Y11/TX->localhost:3121/xilinx_tcf/Digilent/210308A47500/0_1_0_0/IBERT/Quad_226/MGT_X0Y11/RX}]
commit_hw_sio [get_hw_sio_links {localhost:3121/xilinx_tcf/Digilent/210308A47500/0_1_0_0/IBERT/Quad_226/MGT_X0Y11/TX->localhost:3121/xilinx_tcf/Digilent/210308A47500/0_1_0_0/IBERT/Quad_226/MGT_X0Y11/RX}]
ERROR: [Labtoolstcl 44-513] HW Target shutdown. Closing target: localhost:3121/xilinx_tcf/Digilent/210308A47500
close_hw
exit
INFO: [Common 17-206] Exiting Vivado at Wed Apr 25 07:42:50 2018...
