#-----------------------------------------------------------
# Vivado v2018.1 (64-bit)
# SW Build 2188600 on Wed Apr  4 18:39:19 MDT 2018
# IP Build 2185939 on Wed Apr  4 20:55:05 MDT 2018
# Start of session at: Thu Apr 19 14:52:03 2018
# Process ID: 17485
# Current directory: /home/chiwei/work/checkout/kcu116/kcu116_ibert/work/ibert_bank_all/ibert_bank_all_ex
# Command line: vivado ibert_bank_all_ex.xpr
# Log file: /home/chiwei/work/checkout/kcu116/kcu116_ibert/work/ibert_bank_all/ibert_bank_all_ex/vivado.log
# Journal file: /home/chiwei/work/checkout/kcu116/kcu116_ibert/work/ibert_bank_all/ibert_bank_all_ex/vivado.jou
#-----------------------------------------------------------
start_gui
open_project ibert_bank_all_ex.xpr
Scanning sources...
Finished scanning sources
INFO: [IP_Flow 19-234] Refreshing IP repositories
INFO: [IP_Flow 19-1704] No user IP repositories specified
INFO: [IP_Flow 19-2313] Loaded Vivado IP repository '/opt/Xilinx/Vivado/2018.1/data/ip'.
open_project: Time (s): cpu = 00:00:20 ; elapsed = 00:00:24 . Memory (MB): peak = 6410.949 ; gain = 309.758 ; free physical = 8164 ; free virtual = 38225
update_compile_order -fileset sources_1
open_hw
connect_hw_server
INFO: [Labtools 27-2285] Connecting to hw_server url TCP:localhost:3121
INFO: [Labtools 27-2222] Launching hw_server...
INFO: [Labtools 27-2221] Launch Output:

****** Xilinx hw_server v2018.1
  **** Build date : Apr  4 2018-18:56:09
    ** Copyright 1986-2018 Xilinx, Inc. All Rights Reserved.


open_hw_target
INFO: [Labtoolstcl 44-466] Opening hw_target localhost:3121/xilinx_tcf/Digilent/210308A47500
set_property PROGRAM.FILE {/home/chiwei/work/checkout/kcu116/kcu116_ibert/work/ibert_bank_all/ibert_bank_all_ex/ibert_bank_all_ex.runs/impl_1/example_ibert_bank_all.bit} [get_hw_devices xcku5p_0]
set_property PROBES.FILE {/home/chiwei/work/checkout/kcu116/kcu116_ibert/work/ibert_bank_all/ibert_bank_all_ex/ibert_bank_all_ex.runs/impl_1/example_ibert_bank_all.ltx} [get_hw_devices xcku5p_0]
set_property FULL_PROBES.FILE {/home/chiwei/work/checkout/kcu116/kcu116_ibert/work/ibert_bank_all/ibert_bank_all_ex/ibert_bank_all_ex.runs/impl_1/example_ibert_bank_all.ltx} [get_hw_devices xcku5p_0]
current_hw_device [get_hw_devices xcku5p_0]
refresh_hw_device [lindex [get_hw_devices xcku5p_0] 0]
INFO: [Labtools 27-2302] Device xcku5p (JTAG device index = 0) is programmed with a design that has 1 IBERT core(s).
set_property PROBES.FILE {/home/chiwei/work/checkout/kcu116/kcu116_ibert/work/ibert_bank_all/ibert_bank_all_ex/ibert_bank_all_ex.runs/impl_1/example_ibert_bank_all.ltx} [get_hw_devices xcku5p_0]
set_property FULL_PROBES.FILE {/home/chiwei/work/checkout/kcu116/kcu116_ibert/work/ibert_bank_all/ibert_bank_all_ex/ibert_bank_all_ex.runs/impl_1/example_ibert_bank_all.ltx} [get_hw_devices xcku5p_0]
set_property PROGRAM.FILE {/home/chiwei/work/checkout/kcu116/kcu116_ibert/work/ibert_bank_all/ibert_bank_all_ex/ibert_bank_all_ex.runs/impl_1/example_ibert_bank_all.bit} [get_hw_devices xcku5p_0]
program_hw_devices [get_hw_devices xcku5p_0]
INFO: [Labtools 27-3164] End of startup status: HIGH
program_hw_devices: Time (s): cpu = 00:00:10 ; elapsed = 00:00:09 . Memory (MB): peak = 6911.258 ; gain = 0.000 ; free physical = 7594 ; free virtual = 37655
refresh_hw_device [lindex [get_hw_devices xcku5p_0] 0]
INFO: [Labtools 27-1434] Device xcku5p (JTAG device index = 0) is programmed with a design that has no supported debug core(s) in it.
WARNING: [Labtools 27-3361] The debug hub core was not detected.
Resolution: 
1. Make sure the clock connected to the debug hub (dbg_hub) core is a free running clock and is active.
2. Make sure the BSCAN_SWITCH_USER_MASK device property in Vivado Hardware Manager reflects the user scan chain setting in the design and refresh the device.  To determine the user scan chain setting in the design, open the implemented design and use 'get_property C_USER_SCAN_CHAIN [get_debug_cores dbg_hub]'.
For more details on setting the scan chain property, consult the Vivado Debug and Programming User Guide (UG908).
set_property PROBES.FILE {} [get_hw_devices xcku5p_0]
set_property FULL_PROBES.FILE {} [get_hw_devices xcku5p_0]
set_property PROGRAM.FILE {/home/chiwei/work/checkout/kcu116/kcu116_ibert/work/ibert_bank_all/ibert_bank_all_ex/ibert_bank_all_ex.runs/impl_1/example_ibert_bank_all.bit} [get_hw_devices xcku5p_0]
program_hw_devices [get_hw_devices xcku5p_0]
INFO: [Labtools 27-3164] End of startup status: HIGH
program_hw_devices: Time (s): cpu = 00:00:09 ; elapsed = 00:00:09 . Memory (MB): peak = 6924.180 ; gain = 0.000 ; free physical = 7580 ; free virtual = 37641
refresh_hw_device [lindex [get_hw_devices xcku5p_0] 0]
INFO: [Labtools 27-1434] Device xcku5p (JTAG device index = 0) is programmed with a design that has no supported debug core(s) in it.
WARNING: [Labtools 27-3361] The debug hub core was not detected.
Resolution: 
1. Make sure the clock connected to the debug hub (dbg_hub) core is a free running clock and is active.
2. Make sure the BSCAN_SWITCH_USER_MASK device property in Vivado Hardware Manager reflects the user scan chain setting in the design and refresh the device.  To determine the user scan chain setting in the design, open the implemented design and use 'get_property C_USER_SCAN_CHAIN [get_debug_cores dbg_hub]'.
For more details on setting the scan chain property, consult the Vivado Debug and Programming User Guide (UG908).
set_property PROBES.FILE {} [get_hw_devices xcku5p_0]
set_property FULL_PROBES.FILE {} [get_hw_devices xcku5p_0]
set_property PROGRAM.FILE {/home/chiwei/work/checkout/kcu116/kcu116_ibert/work/ibert_bank_all/ibert_bank_all_ex/ibert_bank_all_ex.runs/impl_1/example_ibert_bank_all.bit} [get_hw_devices xcku5p_0]
program_hw_devices [get_hw_devices xcku5p_0]
INFO: [Labtools 27-3164] End of startup status: HIGH
program_hw_devices: Time (s): cpu = 00:00:09 ; elapsed = 00:00:09 . Memory (MB): peak = 6931.500 ; gain = 0.000 ; free physical = 7586 ; free virtual = 37647
refresh_hw_device [lindex [get_hw_devices xcku5p_0] 0]
INFO: [Labtools 27-1434] Device xcku5p (JTAG device index = 0) is programmed with a design that has no supported debug core(s) in it.
WARNING: [Labtools 27-3361] The debug hub core was not detected.
Resolution: 
1. Make sure the clock connected to the debug hub (dbg_hub) core is a free running clock and is active.
2. Make sure the BSCAN_SWITCH_USER_MASK device property in Vivado Hardware Manager reflects the user scan chain setting in the design and refresh the device.  To determine the user scan chain setting in the design, open the implemented design and use 'get_property C_USER_SCAN_CHAIN [get_debug_cores dbg_hub]'.
For more details on setting the scan chain property, consult the Vivado Debug and Programming User Guide (UG908).
program_hw_devices [get_hw_devices xcku5p_0]
INFO: [Labtools 27-3164] End of startup status: HIGH
program_hw_devices: Time (s): cpu = 00:00:09 ; elapsed = 00:00:09 . Memory (MB): peak = 6931.500 ; gain = 0.000 ; free physical = 7582 ; free virtual = 37643
set_property PROBES.FILE {} [get_hw_devices xcku5p_0]
set_property FULL_PROBES.FILE {} [get_hw_devices xcku5p_0]
set_property PROGRAM.FILE {/home/chiwei/work/checkout/kcu116/kcu116_ibert/ready_for_download/ibert_bank_all.bit} [get_hw_devices xcku5p_0]
program_hw_devices [get_hw_devices xcku5p_0]
INFO: [Labtools 27-3164] End of startup status: HIGH
program_hw_devices: Time (s): cpu = 00:00:09 ; elapsed = 00:00:09 . Memory (MB): peak = 6938.727 ; gain = 0.000 ; free physical = 7562 ; free virtual = 37623
refresh_hw_device [lindex [get_hw_devices xcku5p_0] 0]
ERROR: [Xicom 50-38] xicom: Device:0, user chain number:1, slave index:7. Reading intermittently wrong data from core. Try slower target speed. Make sure design meets timing requirements.
ERROR: [Xicom 50-38] xicom: Device:0, user chain number:1, slave index:7, is not a valid CseXsdb Slave core.
ERROR: [Labtools 27-3176] hw_server failed during internal command.
Resolution: Check that the hw_server is running and the hardware connectivity to the target
set_property PROBES.FILE {} [get_hw_devices xcku5p_0]
set_property FULL_PROBES.FILE {} [get_hw_devices xcku5p_0]
set_property PROGRAM.FILE {/home/chiwei/work/checkout/kcu116/kcu116_ibert/ready_for_download/ibert_bank_all.bit} [get_hw_devices xcku5p_0]
program_hw_devices [get_hw_devices xcku5p_0]
INFO: [Labtools 27-3164] End of startup status: HIGH
program_hw_devices: Time (s): cpu = 00:00:09 ; elapsed = 00:00:09 . Memory (MB): peak = 6938.727 ; gain = 0.000 ; free physical = 7541 ; free virtual = 37602
refresh_hw_device [lindex [get_hw_devices xcku5p_0] 0]
INFO: [Labtools 27-2302] Device xcku5p (JTAG device index = 0) is programmed with a design that has 1 IBERT core(s).
set xil_newLinks [list]
set xil_newLink [create_hw_sio_link -description {Link 0} [lindex [get_hw_sio_txs localhost:3121/xilinx_tcf/Digilent/210308A47500/0_1_0_0/IBERT/Quad_224/MGT_X0Y0/TX] 0] [lindex [get_hw_sio_rxs localhost:3121/xilinx_tcf/Digilent/210308A47500/0_1_0_0/IBERT/Quad_224/MGT_X0Y0/RX] 0] ]
lappend xil_newLinks $xil_newLink
set xil_newLink [create_hw_sio_link -description {Link 1} [lindex [get_hw_sio_txs localhost:3121/xilinx_tcf/Digilent/210308A47500/0_1_0_0/IBERT/Quad_224/MGT_X0Y1/TX] 0] [lindex [get_hw_sio_rxs localhost:3121/xilinx_tcf/Digilent/210308A47500/0_1_0_0/IBERT/Quad_224/MGT_X0Y1/RX] 0] ]
lappend xil_newLinks $xil_newLink
set xil_newLink [create_hw_sio_link -description {Link 2} [lindex [get_hw_sio_txs localhost:3121/xilinx_tcf/Digilent/210308A47500/0_1_0_0/IBERT/Quad_224/MGT_X0Y2/TX] 0] [lindex [get_hw_sio_rxs localhost:3121/xilinx_tcf/Digilent/210308A47500/0_1_0_0/IBERT/Quad_224/MGT_X0Y2/RX] 0] ]
lappend xil_newLinks $xil_newLink
set xil_newLink [create_hw_sio_link -description {Link 3} [lindex [get_hw_sio_txs localhost:3121/xilinx_tcf/Digilent/210308A47500/0_1_0_0/IBERT/Quad_224/MGT_X0Y3/TX] 0] [lindex [get_hw_sio_rxs localhost:3121/xilinx_tcf/Digilent/210308A47500/0_1_0_0/IBERT/Quad_224/MGT_X0Y3/RX] 0] ]
lappend xil_newLinks $xil_newLink
set xil_newLink [create_hw_sio_link -description {Link 4} [lindex [get_hw_sio_txs localhost:3121/xilinx_tcf/Digilent/210308A47500/0_1_0_0/IBERT/Quad_225/MGT_X0Y4/TX] 0] [lindex [get_hw_sio_rxs localhost:3121/xilinx_tcf/Digilent/210308A47500/0_1_0_0/IBERT/Quad_225/MGT_X0Y4/RX] 0] ]
lappend xil_newLinks $xil_newLink
set xil_newLink [create_hw_sio_link -description {Link 5} [lindex [get_hw_sio_txs localhost:3121/xilinx_tcf/Digilent/210308A47500/0_1_0_0/IBERT/Quad_225/MGT_X0Y5/TX] 0] [lindex [get_hw_sio_rxs localhost:3121/xilinx_tcf/Digilent/210308A47500/0_1_0_0/IBERT/Quad_225/MGT_X0Y5/RX] 0] ]
lappend xil_newLinks $xil_newLink
set xil_newLink [create_hw_sio_link -description {Link 6} [lindex [get_hw_sio_txs localhost:3121/xilinx_tcf/Digilent/210308A47500/0_1_0_0/IBERT/Quad_225/MGT_X0Y6/TX] 0] [lindex [get_hw_sio_rxs localhost:3121/xilinx_tcf/Digilent/210308A47500/0_1_0_0/IBERT/Quad_225/MGT_X0Y6/RX] 0] ]
lappend xil_newLinks $xil_newLink
set xil_newLink [create_hw_sio_link -description {Link 7} [lindex [get_hw_sio_txs localhost:3121/xilinx_tcf/Digilent/210308A47500/0_1_0_0/IBERT/Quad_225/MGT_X0Y7/TX] 0] [lindex [get_hw_sio_rxs localhost:3121/xilinx_tcf/Digilent/210308A47500/0_1_0_0/IBERT/Quad_225/MGT_X0Y7/RX] 0] ]
lappend xil_newLinks $xil_newLink
set xil_newLink [create_hw_sio_link -description {Link 8} [lindex [get_hw_sio_txs localhost:3121/xilinx_tcf/Digilent/210308A47500/0_1_0_0/IBERT/Quad_226/MGT_X0Y8/TX] 0] [lindex [get_hw_sio_rxs localhost:3121/xilinx_tcf/Digilent/210308A47500/0_1_0_0/IBERT/Quad_226/MGT_X0Y8/RX] 0] ]
lappend xil_newLinks $xil_newLink
set xil_newLink [create_hw_sio_link -description {Link 9} [lindex [get_hw_sio_txs localhost:3121/xilinx_tcf/Digilent/210308A47500/0_1_0_0/IBERT/Quad_226/MGT_X0Y9/TX] 0] [lindex [get_hw_sio_rxs localhost:3121/xilinx_tcf/Digilent/210308A47500/0_1_0_0/IBERT/Quad_226/MGT_X0Y9/RX] 0] ]
lappend xil_newLinks $xil_newLink
set xil_newLink [create_hw_sio_link -description {Link 10} [lindex [get_hw_sio_txs localhost:3121/xilinx_tcf/Digilent/210308A47500/0_1_0_0/IBERT/Quad_226/MGT_X0Y10/TX] 0] [lindex [get_hw_sio_rxs localhost:3121/xilinx_tcf/Digilent/210308A47500/0_1_0_0/IBERT/Quad_226/MGT_X0Y10/RX] 0] ]
lappend xil_newLinks $xil_newLink
set xil_newLink [create_hw_sio_link -description {Link 11} [lindex [get_hw_sio_txs localhost:3121/xilinx_tcf/Digilent/210308A47500/0_1_0_0/IBERT/Quad_226/MGT_X0Y11/TX] 0] [lindex [get_hw_sio_rxs localhost:3121/xilinx_tcf/Digilent/210308A47500/0_1_0_0/IBERT/Quad_226/MGT_X0Y11/RX] 0] ]
lappend xil_newLinks $xil_newLink
set xil_newLink [create_hw_sio_link -description {Link 12} [lindex [get_hw_sio_txs localhost:3121/xilinx_tcf/Digilent/210308A47500/0_1_0_0/IBERT/Quad_227/MGT_X0Y12/TX] 0] [lindex [get_hw_sio_rxs localhost:3121/xilinx_tcf/Digilent/210308A47500/0_1_0_0/IBERT/Quad_227/MGT_X0Y12/RX] 0] ]
lappend xil_newLinks $xil_newLink
set xil_newLink [create_hw_sio_link -description {Link 13} [lindex [get_hw_sio_txs localhost:3121/xilinx_tcf/Digilent/210308A47500/0_1_0_0/IBERT/Quad_227/MGT_X0Y13/TX] 0] [lindex [get_hw_sio_rxs localhost:3121/xilinx_tcf/Digilent/210308A47500/0_1_0_0/IBERT/Quad_227/MGT_X0Y13/RX] 0] ]
lappend xil_newLinks $xil_newLink
set xil_newLink [create_hw_sio_link -description {Link 14} [lindex [get_hw_sio_txs localhost:3121/xilinx_tcf/Digilent/210308A47500/0_1_0_0/IBERT/Quad_227/MGT_X0Y14/TX] 0] [lindex [get_hw_sio_rxs localhost:3121/xilinx_tcf/Digilent/210308A47500/0_1_0_0/IBERT/Quad_227/MGT_X0Y14/RX] 0] ]
lappend xil_newLinks $xil_newLink
set xil_newLink [create_hw_sio_link -description {Link 15} [lindex [get_hw_sio_txs localhost:3121/xilinx_tcf/Digilent/210308A47500/0_1_0_0/IBERT/Quad_227/MGT_X0Y15/TX] 0] [lindex [get_hw_sio_rxs localhost:3121/xilinx_tcf/Digilent/210308A47500/0_1_0_0/IBERT/Quad_227/MGT_X0Y15/RX] 0] ]
lappend xil_newLinks $xil_newLink
set xil_newLinkGroup [create_hw_sio_linkgroup -description {Link Group 0} [get_hw_sio_links $xil_newLinks]]
unset xil_newLinks
ERROR: [Xicom 50-38] xicom: Unable to connect to debug core(s) on the target device. Check cable connectivity and that the target board is powered up then use the disconnect_hw_server and connect_hw_server to re-initialize the hardware target. Use open_hw_target to re-register the hardware device.
set_property LOOPBACK {Near-End PCS} [get_hw_sio_links -of_objects [get_hw_sio_linkgroups {LINKGROUP_0}]]
commit_hw_sio [get_hw_sio_links -of_objects [get_hw_sio_linkgroups {LINKGROUP_0}]]
set_property LOOPBACK {Near-End PMA} [get_hw_sio_links -of_objects [get_hw_sio_linkgroups {LINKGROUP_0}]]
commit_hw_sio [get_hw_sio_links -of_objects [get_hw_sio_linkgroups {LINKGROUP_0}]]
set_property LOGIC.MGT_ERRCNT_RESET_CTRL 1 [get_hw_sio_links -of_objects [get_hw_sio_linkgroups {LINKGROUP_0}]]
commit_hw_sio [get_hw_sio_links -of_objects [get_hw_sio_linkgroups {LINKGROUP_0}]]
set_property LOGIC.MGT_ERRCNT_RESET_CTRL 0 [get_hw_sio_links -of_objects [get_hw_sio_linkgroups {LINKGROUP_0}]]
commit_hw_sio [get_hw_sio_links -of_objects [get_hw_sio_linkgroups {LINKGROUP_0}]]
set_property LOGIC.MGT_ERRCNT_RESET_CTRL 1 [get_hw_sio_links -of_objects [get_hw_sio_linkgroups {LINKGROUP_0}]]
commit_hw_sio [get_hw_sio_links -of_objects [get_hw_sio_linkgroups {LINKGROUP_0}]]
set_property LOGIC.MGT_ERRCNT_RESET_CTRL 0 [get_hw_sio_links -of_objects [get_hw_sio_linkgroups {LINKGROUP_0}]]
commit_hw_sio [get_hw_sio_links -of_objects [get_hw_sio_linkgroups {LINKGROUP_0}]]
set_property LOGIC.MGT_ERRCNT_RESET_CTRL 1 [get_hw_sio_links -of_objects [get_hw_sio_linkgroups {LINKGROUP_0}]]
commit_hw_sio [get_hw_sio_links -of_objects [get_hw_sio_linkgroups {LINKGROUP_0}]]
set_property LOGIC.MGT_ERRCNT_RESET_CTRL 0 [get_hw_sio_links -of_objects [get_hw_sio_linkgroups {LINKGROUP_0}]]
commit_hw_sio [get_hw_sio_links -of_objects [get_hw_sio_linkgroups {LINKGROUP_0}]]
set_property LOGIC.MGT_ERRCNT_RESET_CTRL 1 [get_hw_sio_links -of_objects [get_hw_sio_linkgroups {LINKGROUP_0}]]
commit_hw_sio [get_hw_sio_links -of_objects [get_hw_sio_linkgroups {LINKGROUP_0}]]
set_property LOGIC.MGT_ERRCNT_RESET_CTRL 0 [get_hw_sio_links -of_objects [get_hw_sio_linkgroups {LINKGROUP_0}]]
commit_hw_sio [get_hw_sio_links -of_objects [get_hw_sio_linkgroups {LINKGROUP_0}]]
set_property LOGIC.MGT_ERRCNT_RESET_CTRL 1 [get_hw_sio_links -of_objects [get_hw_sio_linkgroups {LINKGROUP_0}]]
commit_hw_sio [get_hw_sio_links -of_objects [get_hw_sio_linkgroups {LINKGROUP_0}]]
set_property LOGIC.MGT_ERRCNT_RESET_CTRL 0 [get_hw_sio_links -of_objects [get_hw_sio_linkgroups {LINKGROUP_0}]]
commit_hw_sio [get_hw_sio_links -of_objects [get_hw_sio_linkgroups {LINKGROUP_0}]]
set_property LOGIC.MGT_ERRCNT_RESET_CTRL 1 [get_hw_sio_links -of_objects [get_hw_sio_linkgroups {LINKGROUP_0}]]
commit_hw_sio [get_hw_sio_links -of_objects [get_hw_sio_linkgroups {LINKGROUP_0}]]
set_property LOGIC.MGT_ERRCNT_RESET_CTRL 0 [get_hw_sio_links -of_objects [get_hw_sio_linkgroups {LINKGROUP_0}]]
commit_hw_sio [get_hw_sio_links -of_objects [get_hw_sio_linkgroups {LINKGROUP_0}]]
set_property LOGIC.MGT_ERRCNT_RESET_CTRL 1 [get_hw_sio_links -of_objects [get_hw_sio_linkgroups {LINKGROUP_0}]]
commit_hw_sio [get_hw_sio_links -of_objects [get_hw_sio_linkgroups {LINKGROUP_0}]]
set_property LOGIC.MGT_ERRCNT_RESET_CTRL 0 [get_hw_sio_links -of_objects [get_hw_sio_linkgroups {LINKGROUP_0}]]
commit_hw_sio [get_hw_sio_links -of_objects [get_hw_sio_linkgroups {LINKGROUP_0}]]
set_property LOGIC.MGT_ERRCNT_RESET_CTRL 1 [get_hw_sio_links -of_objects [get_hw_sio_linkgroups {LINKGROUP_0}]]
commit_hw_sio [get_hw_sio_links -of_objects [get_hw_sio_linkgroups {LINKGROUP_0}]]
set_property LOGIC.MGT_ERRCNT_RESET_CTRL 0 [get_hw_sio_links -of_objects [get_hw_sio_linkgroups {LINKGROUP_0}]]
commit_hw_sio [get_hw_sio_links -of_objects [get_hw_sio_linkgroups {LINKGROUP_0}]]
set_property LOGIC.MGT_ERRCNT_RESET_CTRL 1 [get_hw_sio_links -of_objects [get_hw_sio_linkgroups {LINKGROUP_0}]]
commit_hw_sio [get_hw_sio_links -of_objects [get_hw_sio_linkgroups {LINKGROUP_0}]]
set_property LOGIC.MGT_ERRCNT_RESET_CTRL 0 [get_hw_sio_links -of_objects [get_hw_sio_linkgroups {LINKGROUP_0}]]
commit_hw_sio [get_hw_sio_links -of_objects [get_hw_sio_linkgroups {LINKGROUP_0}]]
set_property RX_PATTERN {PRBS 31-bit} [get_hw_sio_links -of_objects [get_hw_sio_linkgroups {LINKGROUP_0}]]
commit_hw_sio [get_hw_sio_links -of_objects [get_hw_sio_linkgroups {LINKGROUP_0}]]
set_property PROBES.FILE {} [get_hw_devices xcku5p_0]
set_property FULL_PROBES.FILE {} [get_hw_devices xcku5p_0]
set_property PROGRAM.FILE {/home/chiwei/work/checkout/kcu116/kcu116_ibert/work/ibert_bank_all/ibert_bank_all_ex/ibert_bank_all_ex.runs/impl_1/example_ibert_bank_all.bit} [get_hw_devices xcku5p_0]
program_hw_devices [get_hw_devices xcku5p_0]
INFO: [Labtools 27-3164] End of startup status: HIGH
program_hw_devices: Time (s): cpu = 00:00:09 ; elapsed = 00:00:09 . Memory (MB): peak = 7006.430 ; gain = 0.000 ; free physical = 7315 ; free virtual = 37376
refresh_hw_device [lindex [get_hw_devices xcku5p_0] 0]
INFO: [Labtools 27-1434] Device xcku5p (JTAG device index = 0) is programmed with a design that has no supported debug core(s) in it.
WARNING: [Labtools 27-3361] The debug hub core was not detected.
Resolution: 
1. Make sure the clock connected to the debug hub (dbg_hub) core is a free running clock and is active.
2. Make sure the BSCAN_SWITCH_USER_MASK device property in Vivado Hardware Manager reflects the user scan chain setting in the design and refresh the device.  To determine the user scan chain setting in the design, open the implemented design and use 'get_property C_USER_SCAN_CHAIN [get_debug_cores dbg_hub]'.
For more details on setting the scan chain property, consult the Vivado Debug and Programming User Guide (UG908).
set_property PROBES.FILE {} [get_hw_devices xcku5p_0]
set_property FULL_PROBES.FILE {} [get_hw_devices xcku5p_0]
set_property PROGRAM.FILE {/home/chiwei/work/checkout/kcu116/kcu116_ibert/work/ibert_bank_all/ibert_bank_all_ex/ibert_bank_all_ex.runs/impl_1/example_ibert_bank_all.bit} [get_hw_devices xcku5p_0]
program_hw_devices [get_hw_devices xcku5p_0]
INFO: [Labtools 27-3164] End of startup status: HIGH
program_hw_devices: Time (s): cpu = 00:00:09 ; elapsed = 00:00:09 . Memory (MB): peak = 7006.430 ; gain = 0.000 ; free physical = 7318 ; free virtual = 37380
refresh_hw_device [lindex [get_hw_devices xcku5p_0] 0]
INFO: [Labtools 27-1434] Device xcku5p (JTAG device index = 0) is programmed with a design that has no supported debug core(s) in it.
WARNING: [Labtools 27-3361] The debug hub core was not detected.
Resolution: 
1. Make sure the clock connected to the debug hub (dbg_hub) core is a free running clock and is active.
2. Make sure the BSCAN_SWITCH_USER_MASK device property in Vivado Hardware Manager reflects the user scan chain setting in the design and refresh the device.  To determine the user scan chain setting in the design, open the implemented design and use 'get_property C_USER_SCAN_CHAIN [get_debug_cores dbg_hub]'.
For more details on setting the scan chain property, consult the Vivado Debug and Programming User Guide (UG908).
reset_run impl_1 -prev_step 
launch_runs impl_1 -to_step write_bitstream -jobs 4
INFO: [Vivado 12-4149] The synthesis checkpoint for IP '/home/chiwei/work/checkout/kcu116/kcu116_ibert/work/ibert_bank_all/ibert_bank_all_ex/ibert_bank_all_ex.srcs/sources_1/ip/ibert_bank_all/ibert_bank_all.xci' is already up-to-date
[Thu Apr 19 15:25:47 2018] Launched impl_1...
Run output will be captured here: /home/chiwei/work/checkout/kcu116/kcu116_ibert/work/ibert_bank_all/ibert_bank_all_ex/ibert_bank_all_ex.runs/impl_1/runme.log
refresh_hw_device [lindex [get_hw_devices xcku5p_0] 0]
INFO: [Labtools 27-1434] Device xcku5p (JTAG device index = 0) is programmed with a design that has no supported debug core(s) in it.
WARNING: [Labtools 27-3361] The debug hub core was not detected.
Resolution: 
1. Make sure the clock connected to the debug hub (dbg_hub) core is a free running clock and is active.
2. Make sure the BSCAN_SWITCH_USER_MASK device property in Vivado Hardware Manager reflects the user scan chain setting in the design and refresh the device.  To determine the user scan chain setting in the design, open the implemented design and use 'get_property C_USER_SCAN_CHAIN [get_debug_cores dbg_hub]'.
For more details on setting the scan chain property, consult the Vivado Debug and Programming User Guide (UG908).
set_property PROBES.FILE {} [get_hw_devices xcku5p_0]
set_property FULL_PROBES.FILE {} [get_hw_devices xcku5p_0]
set_property PROGRAM.FILE {/home/chiwei/work/checkout/kcu116/kcu116_ibert/work/ibert_bank_all/ibert_bank_all_ex/ibert_bank_all_ex.runs/impl_1/example_ibert_bank_all.bit} [get_hw_devices xcku5p_0]
program_hw_devices -disable_eos_check [get_hw_devices xcku5p_0]
INFO: [Labtools 27-3164] End of startup status: HIGH
program_hw_devices: Time (s): cpu = 00:00:09 ; elapsed = 00:00:09 . Memory (MB): peak = 7016.438 ; gain = 0.000 ; free physical = 7317 ; free virtual = 37378
refresh_hw_device [lindex [get_hw_devices xcku5p_0] 0]
INFO: [Labtools 27-1434] Device xcku5p (JTAG device index = 0) is programmed with a design that has no supported debug core(s) in it.
WARNING: [Labtools 27-3361] The debug hub core was not detected.
Resolution: 
1. Make sure the clock connected to the debug hub (dbg_hub) core is a free running clock and is active.
2. Make sure the BSCAN_SWITCH_USER_MASK device property in Vivado Hardware Manager reflects the user scan chain setting in the design and refresh the device.  To determine the user scan chain setting in the design, open the implemented design and use 'get_property C_USER_SCAN_CHAIN [get_debug_cores dbg_hub]'.
For more details on setting the scan chain property, consult the Vivado Debug and Programming User Guide (UG908).
set_property PROBES.FILE {/home/chiwei/work/checkout/kcu116/kcu116_ibert/work/ibert_bank_all/ibert_bank_all_ex/ibert_bank_all_ex.runs/impl_1/example_ibert_bank_all.ltx} [get_hw_devices xcku5p_0]
set_property FULL_PROBES.FILE {/home/chiwei/work/checkout/kcu116/kcu116_ibert/work/ibert_bank_all/ibert_bank_all_ex/ibert_bank_all_ex.runs/impl_1/example_ibert_bank_all.ltx} [get_hw_devices xcku5p_0]
set_property PROGRAM.FILE {/home/chiwei/work/checkout/kcu116/kcu116_ibert/work/ibert_bank_all/ibert_bank_all_ex/ibert_bank_all_ex.runs/impl_1/example_ibert_bank_all.bit} [get_hw_devices xcku5p_0]
program_hw_devices [get_hw_devices xcku5p_0]
INFO: [Labtools 27-3164] End of startup status: HIGH
program_hw_devices: Time (s): cpu = 00:00:09 ; elapsed = 00:00:09 . Memory (MB): peak = 7016.438 ; gain = 0.000 ; free physical = 7319 ; free virtual = 37381
refresh_hw_device [lindex [get_hw_devices xcku5p_0] 0]
INFO: [Labtools 27-1434] Device xcku5p (JTAG device index = 0) is programmed with a design that has no supported debug core(s) in it.
WARNING: [Labtools 27-3361] The debug hub core was not detected.
Resolution: 
1. Make sure the clock connected to the debug hub (dbg_hub) core is a free running clock and is active.
2. Make sure the BSCAN_SWITCH_USER_MASK device property in Vivado Hardware Manager reflects the user scan chain setting in the design and refresh the device.  To determine the user scan chain setting in the design, open the implemented design and use 'get_property C_USER_SCAN_CHAIN [get_debug_cores dbg_hub]'.
For more details on setting the scan chain property, consult the Vivado Debug and Programming User Guide (UG908).
get_debug_cores dbg_hub
ERROR: [Common 17-53] User Exception: No open design. Please open an elaborated, synthesized or implemented design before executing this command.
refresh_hw_device -update_hw_probes false [lindex [get_hw_devices] 0]
INFO: [Labtools 27-1434] Device xcku5p (JTAG device index = 0) is programmed with a design that has no supported debug core(s) in it.
WARNING: [Labtools 27-3361] The debug hub core was not detected.
Resolution: 
1. Make sure the clock connected to the debug hub (dbg_hub) core is a free running clock and is active.
2. Make sure the BSCAN_SWITCH_USER_MASK device property in Vivado Hardware Manager reflects the user scan chain setting in the design and refresh the device.  To determine the user scan chain setting in the design, open the implemented design and use 'get_property C_USER_SCAN_CHAIN [get_debug_cores dbg_hub]'.
For more details on setting the scan chain property, consult the Vivado Debug and Programming User Guide (UG908).
WARNING: [IP_Flow 19-3899] Cannot get the environment domain name variable for the component vendor name. Setting the vendor name to 'user.org'.
set_property PROBES.FILE {} [get_hw_devices xcku5p_0]
set_property FULL_PROBES.FILE {} [get_hw_devices xcku5p_0]
set_property PROGRAM.FILE {/home/chiwei/work/checkout/kcu116/kcu116_ibert/ready_for_download/ibert_bank_all.bit} [get_hw_devices xcku5p_0]
program_hw_devices [get_hw_devices xcku5p_0]
INFO: [Labtools 27-3164] End of startup status: HIGH
program_hw_devices: Time (s): cpu = 00:00:09 ; elapsed = 00:00:09 . Memory (MB): peak = 7038.297 ; gain = 0.000 ; free physical = 7308 ; free virtual = 37371
refresh_hw_device [lindex [get_hw_devices xcku5p_0] 0]
INFO: [Labtools 27-2302] Device xcku5p (JTAG device index = 0) is programmed with a design that has 1 IBERT core(s).
INFO: [Labtools 27-3134] 1 properties from Link : Link 10 is(are) being modified based on the saved project settings.
INFO: [Labtools 27-3134] 1 properties from Link : Link 11 is(are) being modified based on the saved project settings.
INFO: [Labtools 27-3134] 1 properties from Link : Link 8 is(are) being modified based on the saved project settings.
INFO: [Labtools 27-3134] 1 properties from Link : Link 9 is(are) being modified based on the saved project settings.
set_property PROBES.FILE {/home/chiwei/work/checkout/kcu116/kcu116_ibert/work/ibert_bank_all/ibert_bank_all_ex/ibert_bank_all_ex.runs/impl_1/example_ibert_bank_all.ltx} [get_hw_devices xcku5p_0]
set_property FULL_PROBES.FILE {/home/chiwei/work/checkout/kcu116/kcu116_ibert/work/ibert_bank_all/ibert_bank_all_ex/ibert_bank_all_ex.runs/impl_1/example_ibert_bank_all.ltx} [get_hw_devices xcku5p_0]
set_property PROGRAM.FILE {/home/chiwei/work/checkout/kcu116/kcu116_ibert/work/ibert_bank_all/ibert_bank_all_ex/ibert_bank_all_ex.runs/impl_1/example_ibert_bank_all.bit} [get_hw_devices xcku5p_0]
program_hw_devices [get_hw_devices xcku5p_0]
INFO: [Labtools 27-3164] End of startup status: HIGH
program_hw_devices: Time (s): cpu = 00:00:10 ; elapsed = 00:00:10 . Memory (MB): peak = 7068.719 ; gain = 0.000 ; free physical = 7247 ; free virtual = 37310
refresh_hw_device [lindex [get_hw_devices xcku5p_0] 0]
INFO: [Labtools 27-1434] Device xcku5p (JTAG device index = 0) is programmed with a design that has no supported debug core(s) in it.
WARNING: [Labtools 27-3361] The debug hub core was not detected.
Resolution: 
1. Make sure the clock connected to the debug hub (dbg_hub) core is a free running clock and is active.
2. Make sure the BSCAN_SWITCH_USER_MASK device property in Vivado Hardware Manager reflects the user scan chain setting in the design and refresh the device.  To determine the user scan chain setting in the design, open the implemented design and use 'get_property C_USER_SCAN_CHAIN [get_debug_cores dbg_hub]'.
For more details on setting the scan chain property, consult the Vivado Debug and Programming User Guide (UG908).
close_hw
reset_run impl_1 -prev_step 
launch_runs impl_1 -to_step write_bitstream -jobs 4
INFO: [Vivado 12-4149] The synthesis checkpoint for IP '/home/chiwei/work/checkout/kcu116/kcu116_ibert/work/ibert_bank_all/ibert_bank_all_ex/ibert_bank_all_ex.srcs/sources_1/ip/ibert_bank_all/ibert_bank_all.xci' is already up-to-date
[Thu Apr 19 15:45:22 2018] Launched impl_1...
Run output will be captured here: /home/chiwei/work/checkout/kcu116/kcu116_ibert/work/ibert_bank_all/ibert_bank_all_ex/ibert_bank_all_ex.runs/impl_1/runme.log
reset_run impl_1
launch_runs impl_1 -jobs 4
INFO: [Vivado 12-4149] The synthesis checkpoint for IP '/home/chiwei/work/checkout/kcu116/kcu116_ibert/work/ibert_bank_all/ibert_bank_all_ex/ibert_bank_all_ex.srcs/sources_1/ip/ibert_bank_all/ibert_bank_all.xci' is already up-to-date
[Thu Apr 19 15:48:20 2018] Launched impl_1...
Run output will be captured here: /home/chiwei/work/checkout/kcu116/kcu116_ibert/work/ibert_bank_all/ibert_bank_all_ex/ibert_bank_all_ex.runs/impl_1/runme.log
open_run impl_1
INFO: [Netlist 29-17] Analyzing 4324 Unisim elements for replacement
INFO: [Netlist 29-28] Unisim Transformation completed in 0 CPU seconds
INFO: [Project 1-479] Netlist was created with Vivado 2018.1
INFO: [Device 21-403] Loading part xcku5p-ffvb676-2-e
INFO: [Project 1-570] Preparing netlist for logic optimization
INFO: [Timing 38-478] Restoring timing data from binary archive.
INFO: [Timing 38-479] Binary timing data restore complete.
INFO: [Project 1-856] Restoring constraints from binary archive.
INFO: [Project 1-853] Binary constraint restore complete.
Reading XDEF placement.
Reading placer database...
Reading XDEF routing.
Read XDEF File: Time (s): cpu = 00:00:04 ; elapsed = 00:00:04 . Memory (MB): peak = 8995.953 ; gain = 159.039 ; free physical = 246 ; free virtual = 35418
Restored from archive | CPU: 4.470000 secs | Memory: 116.013054 MB |
Finished XDEF File Restore: Time (s): cpu = 00:00:04 ; elapsed = 00:00:04 . Memory (MB): peak = 8995.953 ; gain = 159.039 ; free physical = 246 ; free virtual = 35418
INFO: [Project 1-111] Unisim Transformation Summary:
  A total of 641 instances were transformed.
  DSP48E => DSP48E2 (DSP_ALU, DSP_A_B_DATA, DSP_C_DATA, DSP_MULTIPLIER, DSP_M_DATA, DSP_OUTPUT, DSP_PREADD_DATA, DSP_PREADD): 32 instances
  IBUFGDS => IBUFDS (DIFFINBUF, IBUFCTRL): 1 instances
  LUT6_2 => LUT6_2 (LUT5, LUT6): 316 instances
  RAM32M16 => RAM32M16 (RAMD32, RAMD32, RAMD32, RAMD32, RAMD32, RAMD32, RAMD32, RAMD32, RAMD32, RAMD32, RAMD32, RAMD32, RAMD32, RAMD32, RAMS32, RAMS32): 36 instances
  RAM32X1D => RAM32X1D (RAMD32, RAMD32): 256 instances

open_run: Time (s): cpu = 00:00:52 ; elapsed = 00:01:01 . Memory (MB): peak = 9307.000 ; gain = 2226.602 ; free physical = 333 ; free virtual = 35225
open_report: Time (s): cpu = 00:00:22 ; elapsed = 00:00:06 . Memory (MB): peak = 9563.281 ; gain = 198.254 ; free physical = 303 ; free virtual = 34937
open_hw
connect_hw_server
INFO: [Labtools 27-2285] Connecting to hw_server url TCP:localhost:3121
INFO: [Labtools 27-2222] Launching hw_server...
INFO: [Labtools 27-2221] Launch Output:

****** Xilinx hw_server v2018.1
  **** Build date : Apr  4 2018-18:56:09
    ** Copyright 1986-2018 Xilinx, Inc. All Rights Reserved.


disconnect_hw_server localhost:3121
connect_hw_server
INFO: [Labtools 27-2285] Connecting to hw_server url TCP:localhost:3121
disconnect_hw_server localhost:3121
connect_hw_server
INFO: [Labtools 27-2285] Connecting to hw_server url TCP:localhost:3121
disconnect_hw_server localhost:3121
connect_hw_server
INFO: [Labtools 27-2285] Connecting to hw_server url TCP:localhost:3121
close_hw
open_hw
connect_hw_server
INFO: [Labtools 27-2285] Connecting to hw_server url TCP:localhost:3121
open_hw_target
INFO: [Labtoolstcl 44-466] Opening hw_target localhost:3121/xilinx_tcf/Digilent/210308A47500
current_hw_device [get_hw_devices xcku5p_0]
refresh_hw_device -update_hw_probes false [lindex [get_hw_devices xcku5p_0] 0]
INFO: [Labtools 27-1435] Device xcku5p (JTAG device index = 0) is not programmed (DONE status = 0).
close_hw
exit
INFO: [Common 17-206] Exiting Vivado at Fri Apr 20 07:33:33 2018...
